{"C:\\Users\\Acer\\Documents\\Hacktiv8\\Istanbul\\Phase 3\\New Final Project\\server\\service\\app.js": {"path":"C:\\Users\\Acer\\Documents\\Hacktiv8\\Istanbul\\Phase 3\\New Final Project\\server\\service\\app.js","statementMap":{"0":{"start":{"line":1,"column":0},"end":{"line":3,"column":1}},"1":{"start":{"line":2,"column":2},"end":{"line":2,"column":29}},"2":{"start":{"line":5,"column":16},"end":{"line":5,"column":34}},"3":{"start":{"line":6,"column":15},"end":{"line":6,"column":43}},"4":{"start":{"line":7,"column":21},"end":{"line":7,"column":61}},"5":{"start":{"line":8,"column":13},"end":{"line":8,"column":28}},"6":{"start":{"line":10,"column":12},"end":{"line":10,"column":21}},"7":{"start":{"line":11,"column":13},"end":{"line":11,"column":46}},"8":{"start":{"line":12,"column":11},"end":{"line":16,"column":2}},"9":{"start":{"line":18,"column":0},"end":{"line":18,"column":29}},"10":{"start":{"line":19,"column":0},"end":{"line":19,"column":16}},"11":{"start":{"line":20,"column":0},"end":{"line":20,"column":24}},"12":{"start":{"line":21,"column":0},"end":{"line":21,"column":49}},"13":{"start":{"line":23,"column":0},"end":{"line":23,"column":16}},"14":{"start":{"line":24,"column":0},"end":{"line":24,"column":22}},"15":{"start":{"line":26,"column":0},"end":{"line":52,"column":3}},"16":{"start":{"line":27,"column":2},"end":{"line":27,"column":37}},"17":{"start":{"line":29,"column":2},"end":{"line":31,"column":5}},"18":{"start":{"line":30,"column":4},"end":{"line":30,"column":51}},"19":{"start":{"line":33,"column":2},"end":{"line":35,"column":5}},"20":{"start":{"line":34,"column":4},"end":{"line":34,"column":57}},"21":{"start":{"line":37,"column":2},"end":{"line":39,"column":5}},"22":{"start":{"line":38,"column":4},"end":{"line":38,"column":53}},"23":{"start":{"line":41,"column":2},"end":{"line":43,"column":5}},"24":{"start":{"line":42,"column":4},"end":{"line":42,"column":42}},"25":{"start":{"line":45,"column":2},"end":{"line":47,"column":5}},"26":{"start":{"line":46,"column":4},"end":{"line":46,"column":36}},"27":{"start":{"line":49,"column":2},"end":{"line":51,"column":5}},"28":{"start":{"line":50,"column":4},"end":{"line":50,"column":47}},"29":{"start":{"line":54,"column":0},"end":{"line":54,"column":22}}},"fnMap":{"0":{"name":"(anonymous_0)","decl":{"start":{"line":26,"column":20},"end":{"line":26,"column":21}},"loc":{"start":{"line":26,"column":32},"end":{"line":52,"column":1}},"line":26},"1":{"name":"(anonymous_1)","decl":{"start":{"line":29,"column":24},"end":{"line":29,"column":25}},"loc":{"start":{"line":29,"column":38},"end":{"line":31,"column":3}},"line":29},"2":{"name":"(anonymous_2)","decl":{"start":{"line":33,"column":29},"end":{"line":33,"column":30}},"loc":{"start":{"line":33,"column":46},"end":{"line":35,"column":3}},"line":33},"3":{"name":"(anonymous_3)","decl":{"start":{"line":37,"column":36},"end":{"line":37,"column":37}},"loc":{"start":{"line":37,"column":42},"end":{"line":39,"column":3}},"line":37},"4":{"name":"(anonymous_4)","decl":{"start":{"line":41,"column":35},"end":{"line":41,"column":36}},"loc":{"start":{"line":41,"column":41},"end":{"line":43,"column":3}},"line":41},"5":{"name":"(anonymous_5)","decl":{"start":{"line":45,"column":33},"end":{"line":45,"column":34}},"loc":{"start":{"line":45,"column":43},"end":{"line":47,"column":3}},"line":45},"6":{"name":"(anonymous_6)","decl":{"start":{"line":49,"column":29},"end":{"line":49,"column":30}},"loc":{"start":{"line":49,"column":46},"end":{"line":51,"column":3}},"line":49}},"branchMap":{"0":{"loc":{"start":{"line":1,"column":0},"end":{"line":3,"column":1}},"type":"if","locations":[{"start":{"line":1,"column":0},"end":{"line":3,"column":1}},{"start":{"line":1,"column":0},"end":{"line":3,"column":1}}],"line":1}},"s":{"0":2,"1":2,"2":2,"3":2,"4":2,"5":2,"6":2,"7":2,"8":2,"9":2,"10":2,"11":2,"12":2,"13":2,"14":2,"15":2,"16":0,"17":0,"18":0,"19":0,"20":0,"21":0,"22":0,"23":0,"24":0,"25":0,"26":0,"27":0,"28":0,"29":2},"f":{"0":0,"1":0,"2":0,"3":0,"4":0,"5":0,"6":0},"b":{"0":[2,0]},"_coverageSchema":"1a1c01bbd47fc00a2c39e90264f33305004495a9","hash":"18a4c3e30110b6aff1f5b6fe887225fd04851af0"}
,"C:\\Users\\Acer\\Documents\\Hacktiv8\\Istanbul\\Phase 3\\New Final Project\\server\\service\\__test__\\seeder.js": {"path":"C:\\Users\\Acer\\Documents\\Hacktiv8\\Istanbul\\Phase 3\\New Final Project\\server\\service\\__test__\\seeder.js","statementMap":{"0":{"start":{"line":1,"column":24},"end":{"line":1,"column":44}},"1":{"start":{"line":5,"column":19},"end":{"line":17,"column":1}},"2":{"start":{"line":6,"column":15},"end":{"line":12,"column":3}},"3":{"start":{"line":14,"column":2},"end":{"line":16,"column":3}},"4":{"start":{"line":15,"column":4},"end":{"line":15,"column":28}},"5":{"start":{"line":19,"column":25},"end":{"line":31,"column":1}},"6":{"start":{"line":20,"column":15},"end":{"line":26,"column":3}},"7":{"start":{"line":28,"column":2},"end":{"line":30,"column":3}},"8":{"start":{"line":29,"column":4},"end":{"line":29,"column":28}},"9":{"start":{"line":34,"column":0},"end":{"line":37,"column":1}}},"fnMap":{"0":{"name":"(anonymous_0)","decl":{"start":{"line":5,"column":19},"end":{"line":5,"column":20}},"loc":{"start":{"line":5,"column":25},"end":{"line":17,"column":1}},"line":5},"1":{"name":"(anonymous_1)","decl":{"start":{"line":19,"column":25},"end":{"line":19,"column":26}},"loc":{"start":{"line":19,"column":31},"end":{"line":31,"column":1}},"line":19}},"branchMap":{"0":{"loc":{"start":{"line":14,"column":2},"end":{"line":16,"column":3}},"type":"if","locations":[{"start":{"line":14,"column":2},"end":{"line":16,"column":3}},{"start":{"line":14,"column":2},"end":{"line":16,"column":3}}],"line":14},"1":{"loc":{"start":{"line":28,"column":2},"end":{"line":30,"column":3}},"type":"if","locations":[{"start":{"line":28,"column":2},"end":{"line":30,"column":3}},{"start":{"line":28,"column":2},"end":{"line":30,"column":3}}],"line":28}},"s":{"0":2,"1":2,"2":2,"3":2,"4":2,"5":2,"6":1,"7":1,"8":1,"9":2},"f":{"0":2,"1":1},"b":{"0":[2,0],"1":[1,0]},"_coverageSchema":"1a1c01bbd47fc00a2c39e90264f33305004495a9","hash":"a7973339fbc07f23c369912780aa85c9bef9f4af"}
,"C:\\Users\\Acer\\Documents\\Hacktiv8\\Istanbul\\Phase 3\\New Final Project\\server\\service\\config\\config.js": {"path":"C:\\Users\\Acer\\Documents\\Hacktiv8\\Istanbul\\Phase 3\\New Final Project\\server\\service\\config\\config.js","statementMap":{"0":{"start":{"line":1,"column":12},"end":{"line":1,"column":32}},"1":{"start":{"line":3,"column":0},"end":{"line":5,"column":1}},"2":{"start":{"line":4,"column":2},"end":{"line":4,"column":29}},"3":{"start":{"line":7,"column":16},"end":{"line":7,"column":33}},"4":{"start":{"line":9,"column":17},"end":{"line":9,"column":54}},"5":{"start":{"line":10,"column":17},"end":{"line":10,"column":54}},"6":{"start":{"line":11,"column":17},"end":{"line":11,"column":54}},"7":{"start":{"line":12,"column":13},"end":{"line":12,"column":46}},"8":{"start":{"line":13,"column":16},"end":{"line":13,"column":52}},"9":{"start":{"line":15,"column":0},"end":{"line":40,"column":2}}},"fnMap":{},"branchMap":{"0":{"loc":{"start":{"line":3,"column":0},"end":{"line":5,"column":1}},"type":"if","locations":[{"start":{"line":3,"column":0},"end":{"line":5,"column":1}},{"start":{"line":3,"column":0},"end":{"line":5,"column":1}}],"line":3}},"s":{"0":2,"1":2,"2":2,"3":2,"4":2,"5":2,"6":2,"7":2,"8":2,"9":2},"f":{},"b":{"0":[2,0]},"_coverageSchema":"1a1c01bbd47fc00a2c39e90264f33305004495a9","hash":"3ca6f74362d8a685949f58860f0e2ed2988cc68f"}
,"C:\\Users\\Acer\\Documents\\Hacktiv8\\Istanbul\\Phase 3\\New Final Project\\server\\service\\controllers\\CartController.js": {"path":"C:\\Users\\Acer\\Documents\\Hacktiv8\\Istanbul\\Phase 3\\New Final Project\\server\\service\\controllers\\CartController.js","statementMap":{"0":{"start":{"line":1,"column":17},"end":{"line":1,"column":37}},"1":{"start":{"line":5,"column":4},"end":{"line":36,"column":5}},"2":{"start":{"line":6,"column":21},"end":{"line":6,"column":35}},"3":{"start":{"line":7,"column":28},"end":{"line":7,"column":36}},"4":{"start":{"line":9,"column":22},"end":{"line":12,"column":7}},"5":{"start":{"line":14,"column":33},"end":{"line":19,"column":8}},"6":{"start":{"line":21,"column":6},"end":{"line":26,"column":10}},"7":{"start":{"line":22,"column":8},"end":{"line":26,"column":10}},"8":{"start":{"line":28,"column":26},"end":{"line":28,"column":52}},"9":{"start":{"line":30,"column":6},"end":{"line":30,"column":34}},"10":{"start":{"line":30,"column":24},"end":{"line":30,"column":34}},"11":{"start":{"line":31,"column":19},"end":{"line":31,"column":101}},"12":{"start":{"line":33,"column":6},"end":{"line":33,"column":33}},"13":{"start":{"line":35,"column":6},"end":{"line":35,"column":16}},"14":{"start":{"line":40,"column":4},"end":{"line":53,"column":5}},"15":{"start":{"line":41,"column":21},"end":{"line":41,"column":35}},"16":{"start":{"line":43,"column":23},"end":{"line":46,"column":8}},"17":{"start":{"line":48,"column":6},"end":{"line":48,"column":31}},"18":{"start":{"line":48,"column":21},"end":{"line":48,"column":31}},"19":{"start":{"line":50,"column":6},"end":{"line":50,"column":37}},"20":{"start":{"line":52,"column":6},"end":{"line":52,"column":16}},"21":{"start":{"line":57,"column":4},"end":{"line":71,"column":5}},"22":{"start":{"line":58,"column":21},"end":{"line":58,"column":31}},"23":{"start":{"line":60,"column":29},"end":{"line":62,"column":8}},"24":{"start":{"line":64,"column":6},"end":{"line":64,"column":37}},"25":{"start":{"line":64,"column":27},"end":{"line":64,"column":37}},"26":{"start":{"line":66,"column":6},"end":{"line":68,"column":9}},"27":{"start":{"line":70,"column":6},"end":{"line":70,"column":16}},"28":{"start":{"line":75,"column":0},"end":{"line":75,"column":32}}},"fnMap":{"0":{"name":"(anonymous_0)","decl":{"start":{"line":4,"column":2},"end":{"line":4,"column":3}},"loc":{"start":{"line":4,"column":42},"end":{"line":37,"column":3}},"line":4},"1":{"name":"(anonymous_1)","decl":{"start":{"line":39,"column":2},"end":{"line":39,"column":3}},"loc":{"start":{"line":39,"column":39},"end":{"line":54,"column":3}},"line":39},"2":{"name":"(anonymous_2)","decl":{"start":{"line":56,"column":2},"end":{"line":56,"column":3}},"loc":{"start":{"line":56,"column":42},"end":{"line":72,"column":3}},"line":56}},"branchMap":{"0":{"loc":{"start":{"line":21,"column":6},"end":{"line":26,"column":10}},"type":"if","locations":[{"start":{"line":21,"column":6},"end":{"line":26,"column":10}},{"start":{"line":21,"column":6},"end":{"line":26,"column":10}}],"line":21},"1":{"loc":{"start":{"line":30,"column":6},"end":{"line":30,"column":34}},"type":"if","locations":[{"start":{"line":30,"column":6},"end":{"line":30,"column":34}},{"start":{"line":30,"column":6},"end":{"line":30,"column":34}}],"line":30},"2":{"loc":{"start":{"line":48,"column":6},"end":{"line":48,"column":31}},"type":"if","locations":[{"start":{"line":48,"column":6},"end":{"line":48,"column":31}},{"start":{"line":48,"column":6},"end":{"line":48,"column":31}}],"line":48},"3":{"loc":{"start":{"line":64,"column":6},"end":{"line":64,"column":37}},"type":"if","locations":[{"start":{"line":64,"column":6},"end":{"line":64,"column":37}},{"start":{"line":64,"column":6},"end":{"line":64,"column":37}}],"line":64}},"s":{"0":2,"1":0,"2":0,"3":0,"4":0,"5":0,"6":0,"7":0,"8":0,"9":0,"10":0,"11":0,"12":0,"13":0,"14":0,"15":0,"16":0,"17":0,"18":0,"19":0,"20":0,"21":0,"22":0,"23":0,"24":0,"25":0,"26":0,"27":0,"28":2},"f":{"0":0,"1":0,"2":0},"b":{"0":[0,0],"1":[0,0],"2":[0,0],"3":[0,0]},"_coverageSchema":"1a1c01bbd47fc00a2c39e90264f33305004495a9","hash":"476c63bf8a4e2d92885afd9fb50ec95ad899aeef"}
,"C:\\Users\\Acer\\Documents\\Hacktiv8\\Istanbul\\Phase 3\\New Final Project\\server\\service\\controllers\\CategoryController.js": {"path":"C:\\Users\\Acer\\Documents\\Hacktiv8\\Istanbul\\Phase 3\\New Final Project\\server\\service\\controllers\\CategoryController.js","statementMap":{"0":{"start":{"line":1,"column":30},"end":{"line":1,"column":50}},"1":{"start":{"line":5,"column":4},"end":{"line":15,"column":5}},"2":{"start":{"line":6,"column":27},"end":{"line":8,"column":8}},"3":{"start":{"line":10,"column":6},"end":{"line":10,"column":35}},"4":{"start":{"line":10,"column":25},"end":{"line":10,"column":35}},"5":{"start":{"line":12,"column":6},"end":{"line":12,"column":41}},"6":{"start":{"line":14,"column":6},"end":{"line":14,"column":16}},"7":{"start":{"line":19,"column":4},"end":{"line":32,"column":5}},"8":{"start":{"line":20,"column":21},"end":{"line":20,"column":31}},"9":{"start":{"line":22,"column":27},"end":{"line":25,"column":8}},"10":{"start":{"line":27,"column":6},"end":{"line":27,"column":35}},"11":{"start":{"line":27,"column":25},"end":{"line":27,"column":35}},"12":{"start":{"line":29,"column":6},"end":{"line":29,"column":41}},"13":{"start":{"line":31,"column":6},"end":{"line":31,"column":16}},"14":{"start":{"line":36,"column":0},"end":{"line":36,"column":36}}},"fnMap":{"0":{"name":"(anonymous_0)","decl":{"start":{"line":4,"column":2},"end":{"line":4,"column":3}},"loc":{"start":{"line":4,"column":43},"end":{"line":16,"column":3}},"line":4},"1":{"name":"(anonymous_1)","decl":{"start":{"line":18,"column":2},"end":{"line":18,"column":3}},"loc":{"start":{"line":18,"column":55},"end":{"line":33,"column":3}},"line":18}},"branchMap":{"0":{"loc":{"start":{"line":10,"column":6},"end":{"line":10,"column":35}},"type":"if","locations":[{"start":{"line":10,"column":6},"end":{"line":10,"column":35}},{"start":{"line":10,"column":6},"end":{"line":10,"column":35}}],"line":10},"1":{"loc":{"start":{"line":27,"column":6},"end":{"line":27,"column":35}},"type":"if","locations":[{"start":{"line":27,"column":6},"end":{"line":27,"column":35}},{"start":{"line":27,"column":6},"end":{"line":27,"column":35}}],"line":27}},"s":{"0":2,"1":0,"2":0,"3":0,"4":0,"5":0,"6":0,"7":0,"8":0,"9":0,"10":0,"11":0,"12":0,"13":0,"14":2},"f":{"0":0,"1":0},"b":{"0":[0,0],"1":[0,0]},"_coverageSchema":"1a1c01bbd47fc00a2c39e90264f33305004495a9","hash":"a71566136acee96331d2262f1b6d3fa71c20e4ac"}
,"C:\\Users\\Acer\\Documents\\Hacktiv8\\Istanbul\\Phase 3\\New Final Project\\server\\service\\controllers\\ChatController.js": {"path":"C:\\Users\\Acer\\Documents\\Hacktiv8\\Istanbul\\Phase 3\\New Final Project\\server\\service\\controllers\\ChatController.js","statementMap":{"0":{"start":{"line":1,"column":17},"end":{"line":1,"column":37}},"1":{"start":{"line":5,"column":4},"end":{"line":21,"column":5}},"2":{"start":{"line":6,"column":48},"end":{"line":6,"column":56}},"3":{"start":{"line":8,"column":22},"end":{"line":12,"column":7}},"4":{"start":{"line":14,"column":26},"end":{"line":14,"column":52}},"5":{"start":{"line":16,"column":6},"end":{"line":16,"column":34}},"6":{"start":{"line":16,"column":24},"end":{"line":16,"column":34}},"7":{"start":{"line":18,"column":6},"end":{"line":18,"column":40}},"8":{"start":{"line":20,"column":6},"end":{"line":20,"column":16}},"9":{"start":{"line":25,"column":4},"end":{"line":63,"column":5}},"10":{"start":{"line":26,"column":21},"end":{"line":26,"column":35}},"11":{"start":{"line":27,"column":27},"end":{"line":27,"column":36}},"12":{"start":{"line":29,"column":6},"end":{"line":59,"column":7}},"13":{"start":{"line":30,"column":29},"end":{"line":33,"column":10}},"14":{"start":{"line":35,"column":32},"end":{"line":38,"column":10}},"15":{"start":{"line":40,"column":8},"end":{"line":43,"column":11}},"16":{"start":{"line":45,"column":29},"end":{"line":48,"column":10}},"17":{"start":{"line":50,"column":32},"end":{"line":53,"column":10}},"18":{"start":{"line":55,"column":8},"end":{"line":58,"column":11}},"19":{"start":{"line":61,"column":6},"end":{"line":61,"column":23}},"20":{"start":{"line":62,"column":6},"end":{"line":62,"column":16}},"21":{"start":{"line":84,"column":4},"end":{"line":98,"column":5}},"22":{"start":{"line":85,"column":21},"end":{"line":85,"column":31}},"23":{"start":{"line":87,"column":29},"end":{"line":89,"column":8}},"24":{"start":{"line":91,"column":6},"end":{"line":91,"column":37}},"25":{"start":{"line":91,"column":27},"end":{"line":91,"column":37}},"26":{"start":{"line":93,"column":6},"end":{"line":95,"column":9}},"27":{"start":{"line":97,"column":6},"end":{"line":97,"column":16}},"28":{"start":{"line":102,"column":0},"end":{"line":102,"column":32}}},"fnMap":{"0":{"name":"(anonymous_0)","decl":{"start":{"line":4,"column":2},"end":{"line":4,"column":3}},"loc":{"start":{"line":4,"column":42},"end":{"line":22,"column":3}},"line":4},"1":{"name":"(anonymous_1)","decl":{"start":{"line":24,"column":2},"end":{"line":24,"column":3}},"loc":{"start":{"line":24,"column":40},"end":{"line":64,"column":3}},"line":24},"2":{"name":"(anonymous_2)","decl":{"start":{"line":83,"column":2},"end":{"line":83,"column":3}},"loc":{"start":{"line":83,"column":42},"end":{"line":99,"column":3}},"line":83}},"branchMap":{"0":{"loc":{"start":{"line":16,"column":6},"end":{"line":16,"column":34}},"type":"if","locations":[{"start":{"line":16,"column":6},"end":{"line":16,"column":34}},{"start":{"line":16,"column":6},"end":{"line":16,"column":34}}],"line":16},"1":{"loc":{"start":{"line":29,"column":6},"end":{"line":59,"column":7}},"type":"if","locations":[{"start":{"line":29,"column":6},"end":{"line":59,"column":7}},{"start":{"line":29,"column":6},"end":{"line":59,"column":7}}],"line":29},"2":{"loc":{"start":{"line":91,"column":6},"end":{"line":91,"column":37}},"type":"if","locations":[{"start":{"line":91,"column":6},"end":{"line":91,"column":37}},{"start":{"line":91,"column":6},"end":{"line":91,"column":37}}],"line":91}},"s":{"0":2,"1":0,"2":0,"3":0,"4":0,"5":0,"6":0,"7":0,"8":0,"9":0,"10":0,"11":0,"12":0,"13":0,"14":0,"15":0,"16":0,"17":0,"18":0,"19":0,"20":0,"21":0,"22":0,"23":0,"24":0,"25":0,"26":0,"27":0,"28":2},"f":{"0":0,"1":0,"2":0},"b":{"0":[0,0],"1":[0,0],"2":[0,0]},"_coverageSchema":"1a1c01bbd47fc00a2c39e90264f33305004495a9","hash":"2e1614703c0d8d39083d457762977f756fb71cfc"}
,"C:\\Users\\Acer\\Documents\\Hacktiv8\\Istanbul\\Phase 3\\New Final Project\\server\\service\\controllers\\CommunityController.js": {"path":"C:\\Users\\Acer\\Documents\\Hacktiv8\\Istanbul\\Phase 3\\New Final Project\\server\\service\\controllers\\CommunityController.js","statementMap":{"0":{"start":{"line":3,"column":22},"end":{"line":3,"column":42}},"1":{"start":{"line":7,"column":4},"end":{"line":40,"column":5}},"2":{"start":{"line":8,"column":21},"end":{"line":8,"column":35}},"3":{"start":{"line":9,"column":28},"end":{"line":9,"column":36}},"4":{"start":{"line":11,"column":27},"end":{"line":14,"column":7}},"5":{"start":{"line":16,"column":38},"end":{"line":21,"column":8}},"6":{"start":{"line":23,"column":6},"end":{"line":28,"column":10}},"7":{"start":{"line":24,"column":8},"end":{"line":28,"column":10}},"8":{"start":{"line":30,"column":31},"end":{"line":30,"column":67}},"9":{"start":{"line":32,"column":6},"end":{"line":32,"column":39}},"10":{"start":{"line":32,"column":29},"end":{"line":32,"column":39}},"11":{"start":{"line":34,"column":20},"end":{"line":34,"column":107}},"12":{"start":{"line":36,"column":6},"end":{"line":36,"column":38}},"13":{"start":{"line":37,"column":6},"end":{"line":37,"column":34}},"14":{"start":{"line":39,"column":6},"end":{"line":39,"column":16}},"15":{"start":{"line":44,"column":4},"end":{"line":56,"column":5}},"16":{"start":{"line":45,"column":21},"end":{"line":45,"column":35}},"17":{"start":{"line":47,"column":28},"end":{"line":49,"column":8}},"18":{"start":{"line":51,"column":6},"end":{"line":51,"column":36}},"19":{"start":{"line":51,"column":26},"end":{"line":51,"column":36}},"20":{"start":{"line":53,"column":6},"end":{"line":53,"column":42}},"21":{"start":{"line":55,"column":6},"end":{"line":55,"column":16}},"22":{"start":{"line":60,"column":4},"end":{"line":74,"column":5}},"23":{"start":{"line":61,"column":21},"end":{"line":61,"column":31}},"24":{"start":{"line":63,"column":34},"end":{"line":65,"column":8}},"25":{"start":{"line":67,"column":6},"end":{"line":67,"column":42}},"26":{"start":{"line":67,"column":32},"end":{"line":67,"column":42}},"27":{"start":{"line":69,"column":6},"end":{"line":71,"column":9}},"28":{"start":{"line":73,"column":6},"end":{"line":73,"column":16}},"29":{"start":{"line":78,"column":0},"end":{"line":78,"column":37}}},"fnMap":{"0":{"name":"(anonymous_0)","decl":{"start":{"line":6,"column":2},"end":{"line":6,"column":3}},"loc":{"start":{"line":6,"column":42},"end":{"line":41,"column":3}},"line":6},"1":{"name":"(anonymous_1)","decl":{"start":{"line":43,"column":2},"end":{"line":43,"column":3}},"loc":{"start":{"line":43,"column":44},"end":{"line":57,"column":3}},"line":43},"2":{"name":"(anonymous_2)","decl":{"start":{"line":59,"column":2},"end":{"line":59,"column":3}},"loc":{"start":{"line":59,"column":47},"end":{"line":75,"column":3}},"line":59}},"branchMap":{"0":{"loc":{"start":{"line":23,"column":6},"end":{"line":28,"column":10}},"type":"if","locations":[{"start":{"line":23,"column":6},"end":{"line":28,"column":10}},{"start":{"line":23,"column":6},"end":{"line":28,"column":10}}],"line":23},"1":{"loc":{"start":{"line":32,"column":6},"end":{"line":32,"column":39}},"type":"if","locations":[{"start":{"line":32,"column":6},"end":{"line":32,"column":39}},{"start":{"line":32,"column":6},"end":{"line":32,"column":39}}],"line":32},"2":{"loc":{"start":{"line":51,"column":6},"end":{"line":51,"column":36}},"type":"if","locations":[{"start":{"line":51,"column":6},"end":{"line":51,"column":36}},{"start":{"line":51,"column":6},"end":{"line":51,"column":36}}],"line":51},"3":{"loc":{"start":{"line":67,"column":6},"end":{"line":67,"column":42}},"type":"if","locations":[{"start":{"line":67,"column":6},"end":{"line":67,"column":42}},{"start":{"line":67,"column":6},"end":{"line":67,"column":42}}],"line":67}},"s":{"0":2,"1":0,"2":0,"3":0,"4":0,"5":0,"6":0,"7":0,"8":0,"9":0,"10":0,"11":0,"12":0,"13":0,"14":0,"15":0,"16":0,"17":0,"18":0,"19":0,"20":0,"21":0,"22":0,"23":0,"24":0,"25":0,"26":0,"27":0,"28":0,"29":2},"f":{"0":0,"1":0,"2":0},"b":{"0":[0,0],"1":[0,0],"2":[0,0],"3":[0,0]},"_coverageSchema":"1a1c01bbd47fc00a2c39e90264f33305004495a9","hash":"0baa6f582c54e9d5702baad31d31e66e4f5fe96c"}
,"C:\\Users\\Acer\\Documents\\Hacktiv8\\Istanbul\\Phase 3\\New Final Project\\server\\service\\controllers\\ProductController.js": {"path":"C:\\Users\\Acer\\Documents\\Hacktiv8\\Istanbul\\Phase 3\\New Final Project\\server\\service\\controllers\\ProductController.js","statementMap":{"0":{"start":{"line":3,"column":37},"end":{"line":3,"column":57}},"1":{"start":{"line":4,"column":23},"end":{"line":4,"column":49}},"2":{"start":{"line":5,"column":19},"end":{"line":5,"column":51}},"3":{"start":{"line":6,"column":11},"end":{"line":6,"column":24}},"4":{"start":{"line":7,"column":12},"end":{"line":7,"column":30}},"5":{"start":{"line":9,"column":11},"end":{"line":12,"column":2}},"6":{"start":{"line":16,"column":4},"end":{"line":31,"column":5}},"7":{"start":{"line":17,"column":27},"end":{"line":24,"column":8}},"8":{"start":{"line":26,"column":6},"end":{"line":26,"column":35}},"9":{"start":{"line":26,"column":25},"end":{"line":26,"column":35}},"10":{"start":{"line":28,"column":6},"end":{"line":28,"column":41}},"11":{"start":{"line":30,"column":6},"end":{"line":30,"column":16}},"12":{"start":{"line":35,"column":4},"end":{"line":47,"column":5}},"13":{"start":{"line":36,"column":21},"end":{"line":36,"column":31}},"14":{"start":{"line":37,"column":27},"end":{"line":40,"column":8}},"15":{"start":{"line":42,"column":6},"end":{"line":42,"column":35}},"16":{"start":{"line":42,"column":25},"end":{"line":42,"column":35}},"17":{"start":{"line":44,"column":6},"end":{"line":44,"column":41}},"18":{"start":{"line":46,"column":6},"end":{"line":46,"column":16}},"19":{"start":{"line":51,"column":4},"end":{"line":125,"column":5}},"20":{"start":{"line":52,"column":6},"end":{"line":52,"column":33}},"21":{"start":{"line":53,"column":6},"end":{"line":78,"column":7}},"22":{"start":{"line":54,"column":23},"end":{"line":54,"column":37}},"23":{"start":{"line":55,"column":27},"end":{"line":65,"column":9}},"24":{"start":{"line":67,"column":8},"end":{"line":75,"column":13}},"25":{"start":{"line":69,"column":12},"end":{"line":69,"column":33}},"26":{"start":{"line":69,"column":23},"end":{"line":69,"column":33}},"27":{"start":{"line":70,"column":12},"end":{"line":70,"column":39}},"28":{"start":{"line":73,"column":12},"end":{"line":73,"column":28}},"29":{"start":{"line":74,"column":12},"end":{"line":74,"column":22}},"30":{"start":{"line":77,"column":10},"end":{"line":77,"column":16}},"31":{"start":{"line":80,"column":17},"end":{"line":80,"column":34}},"32":{"start":{"line":81,"column":21},"end":{"line":88,"column":7}},"33":{"start":{"line":90,"column":6},"end":{"line":121,"column":9}},"34":{"start":{"line":91,"column":8},"end":{"line":94,"column":9}},"35":{"start":{"line":92,"column":10},"end":{"line":92,"column":26}},"36":{"start":{"line":93,"column":10},"end":{"line":93,"column":36}},"37":{"start":{"line":95,"column":8},"end":{"line":120,"column":9}},"38":{"start":{"line":96,"column":10},"end":{"line":96,"column":30}},"39":{"start":{"line":97,"column":22},"end":{"line":97,"column":35}},"40":{"start":{"line":98,"column":25},"end":{"line":98,"column":39}},"41":{"start":{"line":99,"column":29},"end":{"line":109,"column":11}},"42":{"start":{"line":111,"column":10},"end":{"line":119,"column":15}},"43":{"start":{"line":113,"column":14},"end":{"line":113,"column":35}},"44":{"start":{"line":113,"column":25},"end":{"line":113,"column":35}},"45":{"start":{"line":114,"column":14},"end":{"line":114,"column":41}},"46":{"start":{"line":117,"column":14},"end":{"line":117,"column":30}},"47":{"start":{"line":118,"column":14},"end":{"line":118,"column":24}},"48":{"start":{"line":123,"column":6},"end":{"line":123,"column":22}},"49":{"start":{"line":124,"column":6},"end":{"line":124,"column":16}},"50":{"start":{"line":129,"column":4},"end":{"line":176,"column":5}},"51":{"start":{"line":130,"column":21},"end":{"line":130,"column":31}},"52":{"start":{"line":131,"column":67},"end":{"line":131,"column":75}},"53":{"start":{"line":133,"column":26},"end":{"line":133,"column":52}},"54":{"start":{"line":135,"column":6},"end":{"line":135,"column":34}},"55":{"start":{"line":135,"column":24},"end":{"line":135,"column":34}},"56":{"start":{"line":137,"column":26},"end":{"line":137,"column":64}},"57":{"start":{"line":139,"column":6},"end":{"line":144,"column":10}},"58":{"start":{"line":140,"column":8},"end":{"line":144,"column":10}},"59":{"start":{"line":146,"column":31},"end":{"line":163,"column":7}},"60":{"start":{"line":165,"column":19},"end":{"line":167,"column":8}},"61":{"start":{"line":169,"column":6},"end":{"line":169,"column":27}},"62":{"start":{"line":169,"column":17},"end":{"line":169,"column":27}},"63":{"start":{"line":171,"column":6},"end":{"line":173,"column":9}},"64":{"start":{"line":175,"column":6},"end":{"line":175,"column":16}},"65":{"start":{"line":180,"column":4},"end":{"line":292,"column":5}},"66":{"start":{"line":181,"column":21},"end":{"line":181,"column":35}},"67":{"start":{"line":182,"column":21},"end":{"line":182,"column":31}},"68":{"start":{"line":184,"column":6},"end":{"line":184,"column":32}},"69":{"start":{"line":185,"column":6},"end":{"line":228,"column":7}},"70":{"start":{"line":197,"column":12},"end":{"line":197,"column":20}},"71":{"start":{"line":199,"column":30},"end":{"line":211,"column":9}},"72":{"start":{"line":213,"column":8},"end":{"line":225,"column":10}},"73":{"start":{"line":217,"column":10},"end":{"line":217,"column":40}},"74":{"start":{"line":217,"column":30},"end":{"line":217,"column":40}},"75":{"start":{"line":218,"column":10},"end":{"line":220,"column":13}},"76":{"start":{"line":224,"column":10},"end":{"line":224,"column":19}},"77":{"start":{"line":226,"column":8},"end":{"line":226,"column":14}},"78":{"start":{"line":229,"column":17},"end":{"line":229,"column":34}},"79":{"start":{"line":230,"column":21},"end":{"line":237,"column":7}},"80":{"start":{"line":239,"column":6},"end":{"line":288,"column":8}},"81":{"start":{"line":240,"column":8},"end":{"line":243,"column":9}},"82":{"start":{"line":241,"column":10},"end":{"line":241,"column":42}},"83":{"start":{"line":242,"column":10},"end":{"line":242,"column":35}},"84":{"start":{"line":244,"column":8},"end":{"line":287,"column":9}},"85":{"start":{"line":245,"column":10},"end":{"line":245,"column":29}},"86":{"start":{"line":246,"column":22},"end":{"line":246,"column":35}},"87":{"start":{"line":258,"column":14},"end":{"line":258,"column":22}},"88":{"start":{"line":260,"column":32},"end":{"line":272,"column":11}},"89":{"start":{"line":274,"column":10},"end":{"line":286,"column":12}},"90":{"start":{"line":278,"column":12},"end":{"line":278,"column":42}},"91":{"start":{"line":278,"column":32},"end":{"line":278,"column":42}},"92":{"start":{"line":279,"column":12},"end":{"line":281,"column":15}},"93":{"start":{"line":285,"column":12},"end":{"line":285,"column":21}},"94":{"start":{"line":291,"column":6},"end":{"line":291,"column":16}},"95":{"start":{"line":296,"column":4},"end":{"line":315,"column":5}},"96":{"start":{"line":297,"column":21},"end":{"line":297,"column":31}},"97":{"start":{"line":299,"column":23},"end":{"line":299,"column":31}},"98":{"start":{"line":301,"column":29},"end":{"line":306,"column":7}},"99":{"start":{"line":308,"column":6},"end":{"line":308,"column":37}},"100":{"start":{"line":308,"column":27},"end":{"line":308,"column":37}},"101":{"start":{"line":310,"column":6},"end":{"line":312,"column":9}},"102":{"start":{"line":314,"column":6},"end":{"line":314,"column":16}},"103":{"start":{"line":319,"column":4},"end":{"line":338,"column":5}},"104":{"start":{"line":320,"column":21},"end":{"line":320,"column":31}},"105":{"start":{"line":322,"column":28},"end":{"line":322,"column":36}},"106":{"start":{"line":324,"column":34},"end":{"line":329,"column":7}},"107":{"start":{"line":331,"column":6},"end":{"line":331,"column":42}},"108":{"start":{"line":331,"column":32},"end":{"line":331,"column":42}},"109":{"start":{"line":333,"column":6},"end":{"line":335,"column":9}},"110":{"start":{"line":337,"column":6},"end":{"line":337,"column":16}},"111":{"start":{"line":342,"column":4},"end":{"line":356,"column":5}},"112":{"start":{"line":343,"column":21},"end":{"line":343,"column":31}},"113":{"start":{"line":345,"column":32},"end":{"line":347,"column":8}},"114":{"start":{"line":349,"column":6},"end":{"line":349,"column":40}},"115":{"start":{"line":349,"column":30},"end":{"line":349,"column":40}},"116":{"start":{"line":351,"column":6},"end":{"line":353,"column":9}},"117":{"start":{"line":355,"column":6},"end":{"line":355,"column":16}},"118":{"start":{"line":360,"column":4},"end":{"line":434,"column":5}},"119":{"start":{"line":361,"column":21},"end":{"line":361,"column":31}},"120":{"start":{"line":362,"column":26},"end":{"line":362,"column":37}},"121":{"start":{"line":363,"column":29},"end":{"line":366,"column":8}},"122":{"start":{"line":367,"column":23},"end":{"line":367,"column":76}},"123":{"start":{"line":369,"column":21},"end":{"line":369,"column":47}},"124":{"start":{"line":370,"column":22},"end":{"line":370,"column":32}},"125":{"start":{"line":371,"column":20},"end":{"line":371,"column":39}},"126":{"start":{"line":373,"column":17},"end":{"line":377,"column":8}},"127":{"start":{"line":379,"column":22},"end":{"line":425,"column":7}},"128":{"start":{"line":426,"column":31},"end":{"line":426,"column":75}},"129":{"start":{"line":428,"column":6},"end":{"line":430,"column":80}},"130":{"start":{"line":432,"column":6},"end":{"line":432,"column":23}},"131":{"start":{"line":433,"column":6},"end":{"line":433,"column":16}},"132":{"start":{"line":437,"column":23},"end":{"line":460,"column":3}},"133":{"start":{"line":438,"column":4},"end":{"line":459,"column":5}},"134":{"start":{"line":439,"column":6},"end":{"line":439,"column":43}},"135":{"start":{"line":440,"column":43},"end":{"line":440,"column":51}},"136":{"start":{"line":441,"column":19},"end":{"line":449,"column":7}},"137":{"start":{"line":451,"column":6},"end":{"line":451,"column":27}},"138":{"start":{"line":451,"column":17},"end":{"line":451,"column":27}},"139":{"start":{"line":452,"column":6},"end":{"line":452,"column":52}},"140":{"start":{"line":453,"column":24},"end":{"line":453,"column":66}},"141":{"start":{"line":455,"column":6},"end":{"line":455,"column":33}},"142":{"start":{"line":457,"column":6},"end":{"line":457,"column":52}},"143":{"start":{"line":458,"column":6},"end":{"line":458,"column":16}},"144":{"start":{"line":463,"column":0},"end":{"line":463,"column":35}}},"fnMap":{"0":{"name":"(anonymous_0)","decl":{"start":{"line":15,"column":2},"end":{"line":15,"column":3}},"loc":{"start":{"line":15,"column":38},"end":{"line":32,"column":3}},"line":15},"1":{"name":"(anonymous_1)","decl":{"start":{"line":34,"column":2},"end":{"line":34,"column":3}},"loc":{"start":{"line":34,"column":39},"end":{"line":48,"column":3}},"line":34},"2":{"name":"(anonymous_2)","decl":{"start":{"line":50,"column":2},"end":{"line":50,"column":3}},"loc":{"start":{"line":50,"column":45},"end":{"line":126,"column":3}},"line":50},"3":{"name":"(anonymous_3)","decl":{"start":{"line":68,"column":16},"end":{"line":68,"column":17}},"loc":{"start":{"line":68,"column":26},"end":{"line":71,"column":11}},"line":68},"4":{"name":"(anonymous_4)","decl":{"start":{"line":72,"column":17},"end":{"line":72,"column":18}},"loc":{"start":{"line":72,"column":26},"end":{"line":75,"column":11}},"line":72},"5":{"name":"(anonymous_5)","decl":{"start":{"line":90,"column":24},"end":{"line":90,"column":25}},"loc":{"start":{"line":90,"column":39},"end":{"line":121,"column":7}},"line":90},"6":{"name":"(anonymous_6)","decl":{"start":{"line":112,"column":18},"end":{"line":112,"column":19}},"loc":{"start":{"line":112,"column":28},"end":{"line":115,"column":13}},"line":112},"7":{"name":"(anonymous_7)","decl":{"start":{"line":116,"column":19},"end":{"line":116,"column":20}},"loc":{"start":{"line":116,"column":28},"end":{"line":119,"column":13}},"line":116},"8":{"name":"(anonymous_8)","decl":{"start":{"line":128,"column":2},"end":{"line":128,"column":3}},"loc":{"start":{"line":128,"column":43},"end":{"line":177,"column":3}},"line":128},"9":{"name":"(anonymous_9)","decl":{"start":{"line":179,"column":2},"end":{"line":179,"column":3}},"loc":{"start":{"line":179,"column":43},"end":{"line":293,"column":3}},"line":179},"10":{"name":"(anonymous_10)","decl":{"start":{"line":216,"column":14},"end":{"line":216,"column":15}},"loc":{"start":{"line":216,"column":31},"end":{"line":221,"column":9}},"line":216},"11":{"name":"(anonymous_11)","decl":{"start":{"line":222,"column":15},"end":{"line":222,"column":16}},"loc":{"start":{"line":222,"column":22},"end":{"line":225,"column":9}},"line":222},"12":{"name":"(anonymous_12)","decl":{"start":{"line":239,"column":24},"end":{"line":239,"column":25}},"loc":{"start":{"line":239,"column":39},"end":{"line":288,"column":7}},"line":239},"13":{"name":"(anonymous_13)","decl":{"start":{"line":277,"column":16},"end":{"line":277,"column":17}},"loc":{"start":{"line":277,"column":33},"end":{"line":282,"column":11}},"line":277},"14":{"name":"(anonymous_14)","decl":{"start":{"line":283,"column":17},"end":{"line":283,"column":18}},"loc":{"start":{"line":283,"column":24},"end":{"line":286,"column":11}},"line":283},"15":{"name":"(anonymous_15)","decl":{"start":{"line":295,"column":2},"end":{"line":295,"column":3}},"loc":{"start":{"line":295,"column":40},"end":{"line":316,"column":3}},"line":295},"16":{"name":"(anonymous_16)","decl":{"start":{"line":318,"column":2},"end":{"line":318,"column":3}},"loc":{"start":{"line":318,"column":45},"end":{"line":339,"column":3}},"line":318},"17":{"name":"(anonymous_17)","decl":{"start":{"line":341,"column":2},"end":{"line":341,"column":3}},"loc":{"start":{"line":341,"column":45},"end":{"line":357,"column":3}},"line":341},"18":{"name":"(anonymous_18)","decl":{"start":{"line":359,"column":2},"end":{"line":359,"column":3}},"loc":{"start":{"line":359,"column":47},"end":{"line":435,"column":3}},"line":359},"19":{"name":"(anonymous_19)","decl":{"start":{"line":437,"column":23},"end":{"line":437,"column":24}},"loc":{"start":{"line":437,"column":49},"end":{"line":460,"column":3}},"line":437}},"branchMap":{"0":{"loc":{"start":{"line":26,"column":6},"end":{"line":26,"column":35}},"type":"if","locations":[{"start":{"line":26,"column":6},"end":{"line":26,"column":35}},{"start":{"line":26,"column":6},"end":{"line":26,"column":35}}],"line":26},"1":{"loc":{"start":{"line":42,"column":6},"end":{"line":42,"column":35}},"type":"if","locations":[{"start":{"line":42,"column":6},"end":{"line":42,"column":35}},{"start":{"line":42,"column":6},"end":{"line":42,"column":35}}],"line":42},"2":{"loc":{"start":{"line":53,"column":6},"end":{"line":78,"column":7}},"type":"if","locations":[{"start":{"line":53,"column":6},"end":{"line":78,"column":7}},{"start":{"line":53,"column":6},"end":{"line":78,"column":7}}],"line":53},"3":{"loc":{"start":{"line":53,"column":10},"end":{"line":53,"column":41}},"type":"binary-expr","locations":[{"start":{"line":53,"column":10},"end":{"line":53,"column":20}},{"start":{"line":53,"column":24},"end":{"line":53,"column":41}}],"line":53},"4":{"loc":{"start":{"line":69,"column":12},"end":{"line":69,"column":33}},"type":"if","locations":[{"start":{"line":69,"column":12},"end":{"line":69,"column":33}},{"start":{"line":69,"column":12},"end":{"line":69,"column":33}}],"line":69},"5":{"loc":{"start":{"line":91,"column":8},"end":{"line":94,"column":9}},"type":"if","locations":[{"start":{"line":91,"column":8},"end":{"line":94,"column":9}},{"start":{"line":91,"column":8},"end":{"line":94,"column":9}}],"line":91},"6":{"loc":{"start":{"line":95,"column":8},"end":{"line":120,"column":9}},"type":"if","locations":[{"start":{"line":95,"column":8},"end":{"line":120,"column":9}},{"start":{"line":95,"column":8},"end":{"line":120,"column":9}}],"line":95},"7":{"loc":{"start":{"line":113,"column":14},"end":{"line":113,"column":35}},"type":"if","locations":[{"start":{"line":113,"column":14},"end":{"line":113,"column":35}},{"start":{"line":113,"column":14},"end":{"line":113,"column":35}}],"line":113},"8":{"loc":{"start":{"line":135,"column":6},"end":{"line":135,"column":34}},"type":"if","locations":[{"start":{"line":135,"column":6},"end":{"line":135,"column":34}},{"start":{"line":135,"column":6},"end":{"line":135,"column":34}}],"line":135},"9":{"loc":{"start":{"line":139,"column":6},"end":{"line":144,"column":10}},"type":"if","locations":[{"start":{"line":139,"column":6},"end":{"line":144,"column":10}},{"start":{"line":139,"column":6},"end":{"line":144,"column":10}}],"line":139},"10":{"loc":{"start":{"line":169,"column":6},"end":{"line":169,"column":27}},"type":"if","locations":[{"start":{"line":169,"column":6},"end":{"line":169,"column":27}},{"start":{"line":169,"column":6},"end":{"line":169,"column":27}}],"line":169},"11":{"loc":{"start":{"line":185,"column":6},"end":{"line":228,"column":7}},"type":"if","locations":[{"start":{"line":185,"column":6},"end":{"line":228,"column":7}},{"start":{"line":185,"column":6},"end":{"line":228,"column":7}}],"line":185},"12":{"loc":{"start":{"line":185,"column":9},"end":{"line":185,"column":40}},"type":"binary-expr","locations":[{"start":{"line":185,"column":9},"end":{"line":185,"column":19}},{"start":{"line":185,"column":23},"end":{"line":185,"column":40}}],"line":185},"13":{"loc":{"start":{"line":217,"column":10},"end":{"line":217,"column":40}},"type":"if","locations":[{"start":{"line":217,"column":10},"end":{"line":217,"column":40}},{"start":{"line":217,"column":10},"end":{"line":217,"column":40}}],"line":217},"14":{"loc":{"start":{"line":240,"column":8},"end":{"line":243,"column":9}},"type":"if","locations":[{"start":{"line":240,"column":8},"end":{"line":243,"column":9}},{"start":{"line":240,"column":8},"end":{"line":243,"column":9}}],"line":240},"15":{"loc":{"start":{"line":244,"column":8},"end":{"line":287,"column":9}},"type":"if","locations":[{"start":{"line":244,"column":8},"end":{"line":287,"column":9}},{"start":{"line":244,"column":8},"end":{"line":287,"column":9}}],"line":244},"16":{"loc":{"start":{"line":278,"column":12},"end":{"line":278,"column":42}},"type":"if","locations":[{"start":{"line":278,"column":12},"end":{"line":278,"column":42}},{"start":{"line":278,"column":12},"end":{"line":278,"column":42}}],"line":278},"17":{"loc":{"start":{"line":308,"column":6},"end":{"line":308,"column":37}},"type":"if","locations":[{"start":{"line":308,"column":6},"end":{"line":308,"column":37}},{"start":{"line":308,"column":6},"end":{"line":308,"column":37}}],"line":308},"18":{"loc":{"start":{"line":331,"column":6},"end":{"line":331,"column":42}},"type":"if","locations":[{"start":{"line":331,"column":6},"end":{"line":331,"column":42}},{"start":{"line":331,"column":6},"end":{"line":331,"column":42}}],"line":331},"19":{"loc":{"start":{"line":349,"column":6},"end":{"line":349,"column":40}},"type":"if","locations":[{"start":{"line":349,"column":6},"end":{"line":349,"column":40}},{"start":{"line":349,"column":6},"end":{"line":349,"column":40}}],"line":349},"20":{"loc":{"start":{"line":451,"column":6},"end":{"line":451,"column":27}},"type":"if","locations":[{"start":{"line":451,"column":6},"end":{"line":451,"column":27}},{"start":{"line":451,"column":6},"end":{"line":451,"column":27}}],"line":451}},"s":{"0":2,"1":2,"2":2,"3":2,"4":2,"5":2,"6":1,"7":1,"8":1,"9":0,"10":1,"11":0,"12":1,"13":1,"14":1,"15":1,"16":0,"17":1,"18":0,"19":7,"20":7,"21":7,"22":7,"23":7,"24":7,"25":1,"26":0,"27":1,"28":6,"29":6,"30":7,"31":0,"32":0,"33":0,"34":0,"35":0,"36":0,"37":0,"38":0,"39":0,"40":0,"41":0,"42":0,"43":0,"44":0,"45":0,"46":0,"47":0,"48":0,"49":0,"50":0,"51":0,"52":0,"53":0,"54":0,"55":0,"56":0,"57":0,"58":0,"59":0,"60":0,"61":0,"62":0,"63":0,"64":0,"65":7,"66":7,"67":7,"68":7,"69":7,"70":7,"71":7,"72":7,"73":1,"74":0,"75":1,"76":6,"77":7,"78":0,"79":0,"80":0,"81":0,"82":0,"83":0,"84":0,"85":0,"86":0,"87":0,"88":0,"89":0,"90":0,"91":0,"92":0,"93":0,"94":0,"95":0,"96":0,"97":0,"98":0,"99":0,"100":0,"101":0,"102":0,"103":0,"104":0,"105":0,"106":0,"107":0,"108":0,"109":0,"110":0,"111":1,"112":1,"113":1,"114":1,"115":0,"116":1,"117":0,"118":0,"119":0,"120":0,"121":0,"122":0,"123":0,"124":0,"125":0,"126":0,"127":0,"128":0,"129":0,"130":0,"131":0,"132":2,"133":0,"134":0,"135":0,"136":0,"137":0,"138":0,"139":0,"140":0,"141":0,"142":0,"143":0,"144":2},"f":{"0":1,"1":1,"2":7,"3":1,"4":6,"5":0,"6":0,"7":0,"8":0,"9":7,"10":1,"11":6,"12":0,"13":0,"14":0,"15":0,"16":0,"17":1,"18":0,"19":0},"b":{"0":[0,1],"1":[0,1],"2":[7,0],"3":[7,0],"4":[0,1],"5":[0,0],"6":[0,0],"7":[0,0],"8":[0,0],"9":[0,0],"10":[0,0],"11":[7,0],"12":[7,0],"13":[0,1],"14":[0,0],"15":[0,0],"16":[0,0],"17":[0,0],"18":[0,0],"19":[0,1],"20":[0,0]},"_coverageSchema":"1a1c01bbd47fc00a2c39e90264f33305004495a9","hash":"249417b2ccb7ccb188ea9bac7ea968949f57d043"}
,"C:\\Users\\Acer\\Documents\\Hacktiv8\\Istanbul\\Phase 3\\New Final Project\\server\\service\\controllers\\TypeController.js": {"path":"C:\\Users\\Acer\\Documents\\Hacktiv8\\Istanbul\\Phase 3\\New Final Project\\server\\service\\controllers\\TypeController.js","statementMap":{"0":{"start":{"line":1,"column":26},"end":{"line":1,"column":46}},"1":{"start":{"line":5,"column":4},"end":{"line":13,"column":5}},"2":{"start":{"line":6,"column":24},"end":{"line":6,"column":44}},"3":{"start":{"line":8,"column":6},"end":{"line":8,"column":32}},"4":{"start":{"line":8,"column":22},"end":{"line":8,"column":32}},"5":{"start":{"line":10,"column":6},"end":{"line":10,"column":38}},"6":{"start":{"line":12,"column":6},"end":{"line":12,"column":16}},"7":{"start":{"line":17,"column":4},"end":{"line":30,"column":5}},"8":{"start":{"line":18,"column":21},"end":{"line":18,"column":31}},"9":{"start":{"line":20,"column":27},"end":{"line":23,"column":8}},"10":{"start":{"line":25,"column":6},"end":{"line":25,"column":35}},"11":{"start":{"line":25,"column":25},"end":{"line":25,"column":35}},"12":{"start":{"line":27,"column":6},"end":{"line":27,"column":41}},"13":{"start":{"line":29,"column":6},"end":{"line":29,"column":16}},"14":{"start":{"line":34,"column":0},"end":{"line":34,"column":32}}},"fnMap":{"0":{"name":"(anonymous_0)","decl":{"start":{"line":4,"column":2},"end":{"line":4,"column":3}},"loc":{"start":{"line":4,"column":40},"end":{"line":14,"column":3}},"line":4},"1":{"name":"(anonymous_1)","decl":{"start":{"line":16,"column":2},"end":{"line":16,"column":3}},"loc":{"start":{"line":16,"column":51},"end":{"line":31,"column":3}},"line":16}},"branchMap":{"0":{"loc":{"start":{"line":8,"column":6},"end":{"line":8,"column":32}},"type":"if","locations":[{"start":{"line":8,"column":6},"end":{"line":8,"column":32}},{"start":{"line":8,"column":6},"end":{"line":8,"column":32}}],"line":8},"1":{"loc":{"start":{"line":25,"column":6},"end":{"line":25,"column":35}},"type":"if","locations":[{"start":{"line":25,"column":6},"end":{"line":25,"column":35}},{"start":{"line":25,"column":6},"end":{"line":25,"column":35}}],"line":25}},"s":{"0":2,"1":0,"2":0,"3":0,"4":0,"5":0,"6":0,"7":0,"8":0,"9":0,"10":0,"11":0,"12":0,"13":0,"14":2},"f":{"0":0,"1":0},"b":{"0":[0,0],"1":[0,0]},"_coverageSchema":"1a1c01bbd47fc00a2c39e90264f33305004495a9","hash":"2137c2101a04ba40130fc072499ee90adb225537"}
,"C:\\Users\\Acer\\Documents\\Hacktiv8\\Istanbul\\Phase 3\\New Final Project\\server\\service\\controllers\\UserController.js": {"path":"C:\\Users\\Acer\\Documents\\Hacktiv8\\Istanbul\\Phase 3\\New Final Project\\server\\service\\controllers\\UserController.js","statementMap":{"0":{"start":{"line":1,"column":17},"end":{"line":1,"column":37}},"1":{"start":{"line":2,"column":24},"end":{"line":2,"column":55}},"2":{"start":{"line":3,"column":26},"end":{"line":3,"column":54}},"3":{"start":{"line":4,"column":19},"end":{"line":4,"column":51}},"4":{"start":{"line":5,"column":11},"end":{"line":5,"column":24}},"5":{"start":{"line":6,"column":12},"end":{"line":6,"column":30}},"6":{"start":{"line":8,"column":11},"end":{"line":11,"column":2}},"7":{"start":{"line":15,"column":4},"end":{"line":41,"column":5}},"8":{"start":{"line":16,"column":57},"end":{"line":16,"column":65}},"9":{"start":{"line":18,"column":22},"end":{"line":24,"column":7}},"10":{"start":{"line":26,"column":26},"end":{"line":26,"column":52}},"11":{"start":{"line":28,"column":6},"end":{"line":28,"column":34}},"12":{"start":{"line":28,"column":24},"end":{"line":28,"column":34}},"13":{"start":{"line":30,"column":6},"end":{"line":38,"column":9}},"14":{"start":{"line":40,"column":6},"end":{"line":40,"column":16}},"15":{"start":{"line":45,"column":4},"end":{"line":85,"column":5}},"16":{"start":{"line":46,"column":34},"end":{"line":46,"column":42}},"17":{"start":{"line":48,"column":19},"end":{"line":50,"column":8}},"18":{"start":{"line":52,"column":6},"end":{"line":57,"column":10}},"19":{"start":{"line":53,"column":8},"end":{"line":57,"column":10}},"20":{"start":{"line":59,"column":30},"end":{"line":59,"column":72}},"21":{"start":{"line":61,"column":6},"end":{"line":66,"column":10}},"22":{"start":{"line":62,"column":8},"end":{"line":66,"column":10}},"23":{"start":{"line":68,"column":27},"end":{"line":71,"column":8}},"24":{"start":{"line":73,"column":6},"end":{"line":82,"column":9}},"25":{"start":{"line":84,"column":6},"end":{"line":84,"column":16}},"26":{"start":{"line":89,"column":4},"end":{"line":111,"column":5}},"27":{"start":{"line":90,"column":21},"end":{"line":90,"column":31}},"28":{"start":{"line":92,"column":26},"end":{"line":95,"column":8}},"29":{"start":{"line":97,"column":6},"end":{"line":97,"column":34}},"30":{"start":{"line":97,"column":24},"end":{"line":97,"column":34}},"31":{"start":{"line":99,"column":6},"end":{"line":108,"column":9}},"32":{"start":{"line":110,"column":6},"end":{"line":110,"column":16}},"33":{"start":{"line":115,"column":4},"end":{"line":176,"column":5}},"34":{"start":{"line":116,"column":6},"end":{"line":116,"column":32}},"35":{"start":{"line":118,"column":6},"end":{"line":120,"column":7}},"36":{"start":{"line":119,"column":8},"end":{"line":119,"column":50}},"37":{"start":{"line":122,"column":25},"end":{"line":122,"column":42}},"38":{"start":{"line":123,"column":26},"end":{"line":130,"column":7}},"39":{"start":{"line":131,"column":21},"end":{"line":131,"column":31}},"40":{"start":{"line":132,"column":6},"end":{"line":172,"column":8}},"41":{"start":{"line":133,"column":8},"end":{"line":136,"column":9}},"42":{"start":{"line":134,"column":10},"end":{"line":134,"column":45}},"43":{"start":{"line":135,"column":10},"end":{"line":135,"column":35}},"44":{"start":{"line":137,"column":8},"end":{"line":171,"column":9}},"45":{"start":{"line":138,"column":10},"end":{"line":138,"column":37}},"46":{"start":{"line":139,"column":10},"end":{"line":139,"column":62}},"47":{"start":{"line":140,"column":27},"end":{"line":140,"column":40}},"48":{"start":{"line":142,"column":10},"end":{"line":170,"column":12}},"49":{"start":{"line":144,"column":12},"end":{"line":144,"column":36}},"50":{"start":{"line":144,"column":26},"end":{"line":144,"column":36}},"51":{"start":{"line":145,"column":45},"end":{"line":145,"column":53}},"52":{"start":{"line":147,"column":34},"end":{"line":155,"column":13}},"53":{"start":{"line":156,"column":12},"end":{"line":156,"column":38}},"54":{"start":{"line":157,"column":12},"end":{"line":159,"column":15}},"55":{"start":{"line":162,"column":12},"end":{"line":162,"column":43}},"56":{"start":{"line":162,"column":33},"end":{"line":162,"column":43}},"57":{"start":{"line":163,"column":12},"end":{"line":165,"column":15}},"58":{"start":{"line":168,"column":12},"end":{"line":168,"column":47}},"59":{"start":{"line":169,"column":12},"end":{"line":169,"column":21}},"60":{"start":{"line":174,"column":6},"end":{"line":174,"column":43}},"61":{"start":{"line":175,"column":6},"end":{"line":175,"column":16}},"62":{"start":{"line":180,"column":4},"end":{"line":212,"column":5}},"63":{"start":{"line":181,"column":21},"end":{"line":181,"column":31}},"64":{"start":{"line":183,"column":26},"end":{"line":183,"column":49}},"65":{"start":{"line":185,"column":6},"end":{"line":185,"column":34}},"66":{"start":{"line":185,"column":24},"end":{"line":185,"column":34}},"67":{"start":{"line":187,"column":43},"end":{"line":187,"column":51}},"68":{"start":{"line":189,"column":30},"end":{"line":189,"column":82}},"69":{"start":{"line":191,"column":6},"end":{"line":196,"column":10}},"70":{"start":{"line":192,"column":8},"end":{"line":196,"column":10}},"71":{"start":{"line":198,"column":36},"end":{"line":203,"column":7}},"72":{"start":{"line":205,"column":6},"end":{"line":205,"column":44}},"73":{"start":{"line":205,"column":34},"end":{"line":205,"column":44}},"74":{"start":{"line":207,"column":6},"end":{"line":209,"column":9}},"75":{"start":{"line":211,"column":6},"end":{"line":211,"column":16}},"76":{"start":{"line":216,"column":4},"end":{"line":240,"column":5}},"77":{"start":{"line":217,"column":21},"end":{"line":217,"column":31}},"78":{"start":{"line":218,"column":26},"end":{"line":218,"column":34}},"79":{"start":{"line":220,"column":23},"end":{"line":220,"column":46}},"80":{"start":{"line":222,"column":6},"end":{"line":222,"column":31}},"81":{"start":{"line":222,"column":21},"end":{"line":222,"column":31}},"82":{"start":{"line":224,"column":25},"end":{"line":224,"column":67}},"83":{"start":{"line":226,"column":32},"end":{"line":231,"column":7}},"84":{"start":{"line":233,"column":6},"end":{"line":233,"column":40}},"85":{"start":{"line":233,"column":30},"end":{"line":233,"column":40}},"86":{"start":{"line":235,"column":6},"end":{"line":237,"column":9}},"87":{"start":{"line":239,"column":6},"end":{"line":239,"column":16}},"88":{"start":{"line":244,"column":4},"end":{"line":258,"column":5}},"89":{"start":{"line":245,"column":21},"end":{"line":245,"column":31}},"90":{"start":{"line":247,"column":29},"end":{"line":249,"column":8}},"91":{"start":{"line":251,"column":6},"end":{"line":251,"column":37}},"92":{"start":{"line":251,"column":27},"end":{"line":251,"column":37}},"93":{"start":{"line":253,"column":6},"end":{"line":255,"column":9}},"94":{"start":{"line":257,"column":6},"end":{"line":257,"column":16}},"95":{"start":{"line":262,"column":0},"end":{"line":262,"column":32}}},"fnMap":{"0":{"name":"(anonymous_0)","decl":{"start":{"line":14,"column":2},"end":{"line":14,"column":3}},"loc":{"start":{"line":14,"column":40},"end":{"line":42,"column":3}},"line":14},"1":{"name":"(anonymous_1)","decl":{"start":{"line":44,"column":2},"end":{"line":44,"column":3}},"loc":{"start":{"line":44,"column":37},"end":{"line":86,"column":3}},"line":44},"2":{"name":"(anonymous_2)","decl":{"start":{"line":88,"column":2},"end":{"line":88,"column":3}},"loc":{"start":{"line":88,"column":42},"end":{"line":112,"column":3}},"line":88},"3":{"name":"(anonymous_3)","decl":{"start":{"line":114,"column":2},"end":{"line":114,"column":3}},"loc":{"start":{"line":114,"column":43},"end":{"line":177,"column":3}},"line":114},"4":{"name":"(anonymous_4)","decl":{"start":{"line":132,"column":29},"end":{"line":132,"column":30}},"loc":{"start":{"line":132,"column":44},"end":{"line":172,"column":7}},"line":132},"5":{"name":"(anonymous_5)","decl":{"start":{"line":143,"column":16},"end":{"line":143,"column":17}},"loc":{"start":{"line":143,"column":29},"end":{"line":160,"column":11}},"line":143},"6":{"name":"(anonymous_6)","decl":{"start":{"line":161,"column":16},"end":{"line":161,"column":17}},"loc":{"start":{"line":161,"column":36},"end":{"line":166,"column":11}},"line":161},"7":{"name":"(anonymous_7)","decl":{"start":{"line":167,"column":17},"end":{"line":167,"column":18}},"loc":{"start":{"line":167,"column":26},"end":{"line":170,"column":11}},"line":167},"8":{"name":"(anonymous_8)","decl":{"start":{"line":179,"column":2},"end":{"line":179,"column":3}},"loc":{"start":{"line":179,"column":46},"end":{"line":213,"column":3}},"line":179},"9":{"name":"(anonymous_9)","decl":{"start":{"line":215,"column":2},"end":{"line":215,"column":3}},"loc":{"start":{"line":215,"column":45},"end":{"line":241,"column":3}},"line":215},"10":{"name":"(anonymous_10)","decl":{"start":{"line":243,"column":2},"end":{"line":243,"column":3}},"loc":{"start":{"line":243,"column":42},"end":{"line":259,"column":3}},"line":243}},"branchMap":{"0":{"loc":{"start":{"line":28,"column":6},"end":{"line":28,"column":34}},"type":"if","locations":[{"start":{"line":28,"column":6},"end":{"line":28,"column":34}},{"start":{"line":28,"column":6},"end":{"line":28,"column":34}}],"line":28},"1":{"loc":{"start":{"line":52,"column":6},"end":{"line":57,"column":10}},"type":"if","locations":[{"start":{"line":52,"column":6},"end":{"line":57,"column":10}},{"start":{"line":52,"column":6},"end":{"line":57,"column":10}}],"line":52},"2":{"loc":{"start":{"line":61,"column":6},"end":{"line":66,"column":10}},"type":"if","locations":[{"start":{"line":61,"column":6},"end":{"line":66,"column":10}},{"start":{"line":61,"column":6},"end":{"line":66,"column":10}}],"line":61},"3":{"loc":{"start":{"line":97,"column":6},"end":{"line":97,"column":34}},"type":"if","locations":[{"start":{"line":97,"column":6},"end":{"line":97,"column":34}},{"start":{"line":97,"column":6},"end":{"line":97,"column":34}}],"line":97},"4":{"loc":{"start":{"line":118,"column":6},"end":{"line":120,"column":7}},"type":"if","locations":[{"start":{"line":118,"column":6},"end":{"line":120,"column":7}},{"start":{"line":118,"column":6},"end":{"line":120,"column":7}}],"line":118},"5":{"loc":{"start":{"line":133,"column":8},"end":{"line":136,"column":9}},"type":"if","locations":[{"start":{"line":133,"column":8},"end":{"line":136,"column":9}},{"start":{"line":133,"column":8},"end":{"line":136,"column":9}}],"line":133},"6":{"loc":{"start":{"line":137,"column":8},"end":{"line":171,"column":9}},"type":"if","locations":[{"start":{"line":137,"column":8},"end":{"line":171,"column":9}},{"start":{"line":137,"column":8},"end":{"line":171,"column":9}}],"line":137},"7":{"loc":{"start":{"line":144,"column":12},"end":{"line":144,"column":36}},"type":"if","locations":[{"start":{"line":144,"column":12},"end":{"line":144,"column":36}},{"start":{"line":144,"column":12},"end":{"line":144,"column":36}}],"line":144},"8":{"loc":{"start":{"line":162,"column":12},"end":{"line":162,"column":43}},"type":"if","locations":[{"start":{"line":162,"column":12},"end":{"line":162,"column":43}},{"start":{"line":162,"column":12},"end":{"line":162,"column":43}}],"line":162},"9":{"loc":{"start":{"line":185,"column":6},"end":{"line":185,"column":34}},"type":"if","locations":[{"start":{"line":185,"column":6},"end":{"line":185,"column":34}},{"start":{"line":185,"column":6},"end":{"line":185,"column":34}}],"line":185},"10":{"loc":{"start":{"line":191,"column":6},"end":{"line":196,"column":10}},"type":"if","locations":[{"start":{"line":191,"column":6},"end":{"line":196,"column":10}},{"start":{"line":191,"column":6},"end":{"line":196,"column":10}}],"line":191},"11":{"loc":{"start":{"line":205,"column":6},"end":{"line":205,"column":44}},"type":"if","locations":[{"start":{"line":205,"column":6},"end":{"line":205,"column":44}},{"start":{"line":205,"column":6},"end":{"line":205,"column":44}}],"line":205},"12":{"loc":{"start":{"line":222,"column":6},"end":{"line":222,"column":31}},"type":"if","locations":[{"start":{"line":222,"column":6},"end":{"line":222,"column":31}},{"start":{"line":222,"column":6},"end":{"line":222,"column":31}}],"line":222},"13":{"loc":{"start":{"line":233,"column":6},"end":{"line":233,"column":40}},"type":"if","locations":[{"start":{"line":233,"column":6},"end":{"line":233,"column":40}},{"start":{"line":233,"column":6},"end":{"line":233,"column":40}}],"line":233},"14":{"loc":{"start":{"line":251,"column":6},"end":{"line":251,"column":37}},"type":"if","locations":[{"start":{"line":251,"column":6},"end":{"line":251,"column":37}},{"start":{"line":251,"column":6},"end":{"line":251,"column":37}}],"line":251}},"s":{"0":2,"1":2,"2":2,"3":2,"4":2,"5":2,"6":2,"7":0,"8":0,"9":0,"10":0,"11":0,"12":0,"13":0,"14":0,"15":0,"16":0,"17":0,"18":0,"19":0,"20":0,"21":0,"22":0,"23":0,"24":0,"25":0,"26":0,"27":0,"28":0,"29":0,"30":0,"31":0,"32":0,"33":0,"34":0,"35":0,"36":0,"37":0,"38":0,"39":0,"40":0,"41":0,"42":0,"43":0,"44":0,"45":0,"46":0,"47":0,"48":0,"49":0,"50":0,"51":0,"52":0,"53":0,"54":0,"55":0,"56":0,"57":0,"58":0,"59":0,"60":0,"61":0,"62":0,"63":0,"64":0,"65":0,"66":0,"67":0,"68":0,"69":0,"70":0,"71":0,"72":0,"73":0,"74":0,"75":0,"76":0,"77":0,"78":0,"79":0,"80":0,"81":0,"82":0,"83":0,"84":0,"85":0,"86":0,"87":0,"88":0,"89":0,"90":0,"91":0,"92":0,"93":0,"94":0,"95":2},"f":{"0":0,"1":0,"2":0,"3":0,"4":0,"5":0,"6":0,"7":0,"8":0,"9":0,"10":0},"b":{"0":[0,0],"1":[0,0],"2":[0,0],"3":[0,0],"4":[0,0],"5":[0,0],"6":[0,0],"7":[0,0],"8":[0,0],"9":[0,0],"10":[0,0],"11":[0,0],"12":[0,0],"13":[0,0],"14":[0,0]},"_coverageSchema":"1a1c01bbd47fc00a2c39e90264f33305004495a9","hash":"946310e4f12b4b28951a9262d901cf91859e2501"}
,"C:\\Users\\Acer\\Documents\\Hacktiv8\\Istanbul\\Phase 3\\New Final Project\\server\\service\\controllers\\VirtualAccountController.js": {"path":"C:\\Users\\Acer\\Documents\\Hacktiv8\\Istanbul\\Phase 3\\New Final Project\\server\\service\\controllers\\VirtualAccountController.js","statementMap":{"0":{"start":{"line":1,"column":27},"end":{"line":1,"column":47}},"1":{"start":{"line":5,"column":4},"end":{"line":28,"column":5}},"2":{"start":{"line":6,"column":26},"end":{"line":6,"column":34}},"3":{"start":{"line":8,"column":36},"end":{"line":8,"column":68}},"4":{"start":{"line":10,"column":6},"end":{"line":10,"column":44}},"5":{"start":{"line":10,"column":34},"end":{"line":10,"column":44}},"6":{"start":{"line":12,"column":25},"end":{"line":12,"column":64}},"7":{"start":{"line":14,"column":29},"end":{"line":19,"column":7}},"8":{"start":{"line":21,"column":6},"end":{"line":21,"column":37}},"9":{"start":{"line":21,"column":27},"end":{"line":21,"column":37}},"10":{"start":{"line":23,"column":6},"end":{"line":25,"column":9}},"11":{"start":{"line":27,"column":6},"end":{"line":27,"column":16}},"12":{"start":{"line":32,"column":0},"end":{"line":32,"column":42}}},"fnMap":{"0":{"name":"(anonymous_0)","decl":{"start":{"line":4,"column":2},"end":{"line":4,"column":3}},"loc":{"start":{"line":4,"column":40},"end":{"line":29,"column":3}},"line":4}},"branchMap":{"0":{"loc":{"start":{"line":10,"column":6},"end":{"line":10,"column":44}},"type":"if","locations":[{"start":{"line":10,"column":6},"end":{"line":10,"column":44}},{"start":{"line":10,"column":6},"end":{"line":10,"column":44}}],"line":10},"1":{"loc":{"start":{"line":21,"column":6},"end":{"line":21,"column":37}},"type":"if","locations":[{"start":{"line":21,"column":6},"end":{"line":21,"column":37}},{"start":{"line":21,"column":6},"end":{"line":21,"column":37}}],"line":21}},"s":{"0":2,"1":0,"2":0,"3":0,"4":0,"5":0,"6":0,"7":0,"8":0,"9":0,"10":0,"11":0,"12":2},"f":{"0":0},"b":{"0":[0,0],"1":[0,0]},"_coverageSchema":"1a1c01bbd47fc00a2c39e90264f33305004495a9","hash":"7f22d1d21f6181b52b39d6cb5163068d015e6432"}
,"C:\\Users\\Acer\\Documents\\Hacktiv8\\Istanbul\\Phase 3\\New Final Project\\server\\service\\controllers\\WishlistController.js": {"path":"C:\\Users\\Acer\\Documents\\Hacktiv8\\Istanbul\\Phase 3\\New Final Project\\server\\service\\controllers\\WishlistController.js","statementMap":{"0":{"start":{"line":1,"column":21},"end":{"line":1,"column":41}},"1":{"start":{"line":5,"column":4},"end":{"line":40,"column":5}},"2":{"start":{"line":6,"column":21},"end":{"line":6,"column":35}},"3":{"start":{"line":7,"column":28},"end":{"line":7,"column":36}},"4":{"start":{"line":9,"column":26},"end":{"line":12,"column":7}},"5":{"start":{"line":14,"column":32},"end":{"line":19,"column":8}},"6":{"start":{"line":21,"column":6},"end":{"line":26,"column":9}},"7":{"start":{"line":22,"column":8},"end":{"line":26,"column":9}},"8":{"start":{"line":28,"column":19},"end":{"line":28,"column":53}},"9":{"start":{"line":29,"column":6},"end":{"line":29,"column":23}},"10":{"start":{"line":30,"column":6},"end":{"line":30,"column":26}},"11":{"start":{"line":30,"column":17},"end":{"line":30,"column":26}},"12":{"start":{"line":31,"column":30},"end":{"line":34,"column":8}},"13":{"start":{"line":36,"column":6},"end":{"line":36,"column":43}},"14":{"start":{"line":38,"column":6},"end":{"line":38,"column":26}},"15":{"start":{"line":39,"column":6},"end":{"line":39,"column":15}},"16":{"start":{"line":44,"column":4},"end":{"line":57,"column":5}},"17":{"start":{"line":45,"column":21},"end":{"line":45,"column":35}},"18":{"start":{"line":47,"column":19},"end":{"line":50,"column":8}},"19":{"start":{"line":52,"column":6},"end":{"line":52,"column":26}},"20":{"start":{"line":52,"column":17},"end":{"line":52,"column":26}},"21":{"start":{"line":54,"column":6},"end":{"line":54,"column":32}},"22":{"start":{"line":56,"column":6},"end":{"line":56,"column":15}},"23":{"start":{"line":61,"column":4},"end":{"line":75,"column":5}},"24":{"start":{"line":62,"column":21},"end":{"line":62,"column":31}},"25":{"start":{"line":64,"column":19},"end":{"line":66,"column":8}},"26":{"start":{"line":68,"column":6},"end":{"line":68,"column":26}},"27":{"start":{"line":68,"column":17},"end":{"line":68,"column":26}},"28":{"start":{"line":70,"column":6},"end":{"line":72,"column":8}},"29":{"start":{"line":74,"column":6},"end":{"line":74,"column":15}},"30":{"start":{"line":79,"column":0},"end":{"line":79,"column":35}}},"fnMap":{"0":{"name":"(anonymous_0)","decl":{"start":{"line":4,"column":2},"end":{"line":4,"column":3}},"loc":{"start":{"line":4,"column":46},"end":{"line":41,"column":3}},"line":4},"1":{"name":"(anonymous_1)","decl":{"start":{"line":43,"column":2},"end":{"line":43,"column":3}},"loc":{"start":{"line":43,"column":43},"end":{"line":58,"column":3}},"line":43},"2":{"name":"(anonymous_2)","decl":{"start":{"line":60,"column":2},"end":{"line":60,"column":3}},"loc":{"start":{"line":60,"column":46},"end":{"line":76,"column":3}},"line":60}},"branchMap":{"0":{"loc":{"start":{"line":21,"column":6},"end":{"line":26,"column":9}},"type":"if","locations":[{"start":{"line":21,"column":6},"end":{"line":26,"column":9}},{"start":{"line":21,"column":6},"end":{"line":26,"column":9}}],"line":21},"1":{"loc":{"start":{"line":30,"column":6},"end":{"line":30,"column":26}},"type":"if","locations":[{"start":{"line":30,"column":6},"end":{"line":30,"column":26}},{"start":{"line":30,"column":6},"end":{"line":30,"column":26}}],"line":30},"2":{"loc":{"start":{"line":52,"column":6},"end":{"line":52,"column":26}},"type":"if","locations":[{"start":{"line":52,"column":6},"end":{"line":52,"column":26}},{"start":{"line":52,"column":6},"end":{"line":52,"column":26}}],"line":52},"3":{"loc":{"start":{"line":68,"column":6},"end":{"line":68,"column":26}},"type":"if","locations":[{"start":{"line":68,"column":6},"end":{"line":68,"column":26}},{"start":{"line":68,"column":6},"end":{"line":68,"column":26}}],"line":68}},"s":{"0":2,"1":1,"2":1,"3":1,"4":1,"5":1,"6":1,"7":0,"8":1,"9":1,"10":1,"11":0,"12":1,"13":1,"14":0,"15":0,"16":1,"17":1,"18":1,"19":1,"20":0,"21":1,"22":0,"23":1,"24":1,"25":1,"26":1,"27":0,"28":1,"29":0,"30":2},"f":{"0":1,"1":1,"2":1},"b":{"0":[0,1],"1":[0,1],"2":[0,1],"3":[0,1]},"_coverageSchema":"1a1c01bbd47fc00a2c39e90264f33305004495a9","hash":"b318649a0c56367caeee481aabf7d971541dc511"}
,"C:\\Users\\Acer\\Documents\\Hacktiv8\\Istanbul\\Phase 3\\New Final Project\\server\\service\\helpers\\bcrypt.js": {"path":"C:\\Users\\Acer\\Documents\\Hacktiv8\\Istanbul\\Phase 3\\New Final Project\\server\\service\\helpers\\bcrypt.js","statementMap":{"0":{"start":{"line":1,"column":15},"end":{"line":1,"column":34}},"1":{"start":{"line":3,"column":17},"end":{"line":6,"column":1}},"2":{"start":{"line":4,"column":15},"end":{"line":4,"column":37}},"3":{"start":{"line":5,"column":2},"end":{"line":5,"column":41}},"4":{"start":{"line":8,"column":20},"end":{"line":10,"column":1}},"5":{"start":{"line":9,"column":2},"end":{"line":9,"column":54}},"6":{"start":{"line":12,"column":0},"end":{"line":12,"column":43}}},"fnMap":{"0":{"name":"(anonymous_0)","decl":{"start":{"line":3,"column":17},"end":{"line":3,"column":18}},"loc":{"start":{"line":3,"column":31},"end":{"line":6,"column":1}},"line":3},"1":{"name":"(anonymous_1)","decl":{"start":{"line":8,"column":20},"end":{"line":8,"column":21}},"loc":{"start":{"line":8,"column":50},"end":{"line":10,"column":1}},"line":8}},"branchMap":{},"s":{"0":2,"1":2,"2":3,"3":3,"4":2,"5":0,"6":2},"f":{"0":3,"1":0},"b":{},"_coverageSchema":"1a1c01bbd47fc00a2c39e90264f33305004495a9","hash":"baa30cf4e22fa6a345adfce962234f359cc48e96"}
,"C:\\Users\\Acer\\Documents\\Hacktiv8\\Istanbul\\Phase 3\\New Final Project\\server\\service\\helpers\\checkPassword.js": {"path":"C:\\Users\\Acer\\Documents\\Hacktiv8\\Istanbul\\Phase 3\\New Final Project\\server\\service\\helpers\\checkPassword.js","statementMap":{"0":{"start":{"line":1,"column":22},"end":{"line":32,"column":1}},"1":{"start":{"line":2,"column":22},"end":{"line":2,"column":27}},"2":{"start":{"line":3,"column":23},"end":{"line":3,"column":28}},"3":{"start":{"line":4,"column":22},"end":{"line":4,"column":27}},"4":{"start":{"line":5,"column":15},"end":{"line":5,"column":16}},"5":{"start":{"line":7,"column":2},"end":{"line":21,"column":3}},"6":{"start":{"line":7,"column":15},"end":{"line":7,"column":16}},"7":{"start":{"line":8,"column":4},"end":{"line":14,"column":5}},"8":{"start":{"line":13,"column":6},"end":{"line":13,"column":27}},"9":{"start":{"line":16,"column":4},"end":{"line":18,"column":5}},"10":{"start":{"line":17,"column":6},"end":{"line":17,"column":28}},"11":{"start":{"line":20,"column":4},"end":{"line":20,"column":13}},"12":{"start":{"line":23,"column":2},"end":{"line":25,"column":3}},"13":{"start":{"line":24,"column":4},"end":{"line":24,"column":25}},"14":{"start":{"line":27,"column":2},"end":{"line":31,"column":3}},"15":{"start":{"line":28,"column":4},"end":{"line":28,"column":16}},"16":{"start":{"line":30,"column":4},"end":{"line":30,"column":17}},"17":{"start":{"line":34,"column":0},"end":{"line":34,"column":31}}},"fnMap":{"0":{"name":"(anonymous_0)","decl":{"start":{"line":1,"column":22},"end":{"line":1,"column":23}},"loc":{"start":{"line":1,"column":36},"end":{"line":32,"column":1}},"line":1}},"branchMap":{"0":{"loc":{"start":{"line":8,"column":4},"end":{"line":14,"column":5}},"type":"if","locations":[{"start":{"line":8,"column":4},"end":{"line":14,"column":5}},{"start":{"line":8,"column":4},"end":{"line":14,"column":5}}],"line":8},"1":{"loc":{"start":{"line":9,"column":6},"end":{"line":11,"column":41}},"type":"binary-expr","locations":[{"start":{"line":9,"column":6},"end":{"line":9,"column":61}},{"start":{"line":10,"column":6},"end":{"line":10,"column":47}},{"start":{"line":11,"column":6},"end":{"line":11,"column":41}}],"line":9},"2":{"loc":{"start":{"line":16,"column":4},"end":{"line":18,"column":5}},"type":"if","locations":[{"start":{"line":16,"column":4},"end":{"line":18,"column":5}},{"start":{"line":16,"column":4},"end":{"line":18,"column":5}}],"line":16},"3":{"loc":{"start":{"line":23,"column":2},"end":{"line":25,"column":3}},"type":"if","locations":[{"start":{"line":23,"column":2},"end":{"line":25,"column":3}},{"start":{"line":23,"column":2},"end":{"line":25,"column":3}}],"line":23},"4":{"loc":{"start":{"line":27,"column":2},"end":{"line":31,"column":3}},"type":"if","locations":[{"start":{"line":27,"column":2},"end":{"line":31,"column":3}},{"start":{"line":27,"column":2},"end":{"line":31,"column":3}}],"line":27},"5":{"loc":{"start":{"line":27,"column":6},"end":{"line":27,"column":54}},"type":"binary-expr","locations":[{"start":{"line":27,"column":6},"end":{"line":27,"column":19}},{"start":{"line":27,"column":23},"end":{"line":27,"column":37}},{"start":{"line":27,"column":41},"end":{"line":27,"column":54}}],"line":27}},"s":{"0":2,"1":3,"2":3,"3":3,"4":3,"5":3,"6":3,"7":21,"8":3,"9":21,"10":9,"11":21,"12":3,"13":3,"14":3,"15":3,"16":0,"17":2},"f":{"0":3},"b":{"0":[3,18],"1":[21,12,3],"2":[9,12],"3":[3,0],"4":[3,0],"5":[3,3,3]},"_coverageSchema":"1a1c01bbd47fc00a2c39e90264f33305004495a9","hash":"29da3ba5d023372933a75434c1b992dac9db9959"}
,"C:\\Users\\Acer\\Documents\\Hacktiv8\\Istanbul\\Phase 3\\New Final Project\\server\\service\\helpers\\jwt.js": {"path":"C:\\Users\\Acer\\Documents\\Hacktiv8\\Istanbul\\Phase 3\\New Final Project\\server\\service\\helpers\\jwt.js","statementMap":{"0":{"start":{"line":1,"column":12},"end":{"line":1,"column":35}},"1":{"start":{"line":3,"column":22},"end":{"line":5,"column":1}},"2":{"start":{"line":4,"column":2},"end":{"line":4,"column":51}},"3":{"start":{"line":7,"column":0},"end":{"line":7,"column":35}}},"fnMap":{"0":{"name":"(anonymous_0)","decl":{"start":{"line":3,"column":22},"end":{"line":3,"column":23}},"loc":{"start":{"line":3,"column":35},"end":{"line":5,"column":1}},"line":3}},"branchMap":{},"s":{"0":2,"1":2,"2":3,"3":2},"f":{"0":3},"b":{},"_coverageSchema":"1a1c01bbd47fc00a2c39e90264f33305004495a9","hash":"80fa1d7ad426864b83aeb688620b376a67cfacda"}
,"C:\\Users\\Acer\\Documents\\Hacktiv8\\Istanbul\\Phase 3\\New Final Project\\server\\service\\middlewares\\authenticate.js": {"path":"C:\\Users\\Acer\\Documents\\Hacktiv8\\Istanbul\\Phase 3\\New Final Project\\server\\service\\middlewares\\authenticate.js","statementMap":{"0":{"start":{"line":3,"column":17},"end":{"line":3,"column":37}},"1":{"start":{"line":4,"column":12},"end":{"line":4,"column":35}},"2":{"start":{"line":6,"column":21},"end":{"line":33,"column":1}},"3":{"start":{"line":7,"column":4},"end":{"line":32,"column":5}},"4":{"start":{"line":8,"column":22},"end":{"line":8,"column":46}},"5":{"start":{"line":9,"column":24},"end":{"line":9,"column":65}},"6":{"start":{"line":10,"column":24},"end":{"line":10,"column":55}},"7":{"start":{"line":12,"column":8},"end":{"line":17,"column":14}},"8":{"start":{"line":13,"column":12},"end":{"line":17,"column":14}},"9":{"start":{"line":19,"column":8},"end":{"line":19,"column":30}},"10":{"start":{"line":21,"column":8},"end":{"line":21,"column":15}},"11":{"start":{"line":23,"column":8},"end":{"line":31,"column":9}},"12":{"start":{"line":24,"column":12},"end":{"line":28,"column":15}},"13":{"start":{"line":30,"column":12},"end":{"line":30,"column":22}},"14":{"start":{"line":35,"column":0},"end":{"line":35,"column":34}}},"fnMap":{"0":{"name":"(anonymous_0)","decl":{"start":{"line":6,"column":21},"end":{"line":6,"column":22}},"loc":{"start":{"line":6,"column":47},"end":{"line":33,"column":1}},"line":6}},"branchMap":{"0":{"loc":{"start":{"line":12,"column":8},"end":{"line":17,"column":14}},"type":"if","locations":[{"start":{"line":12,"column":8},"end":{"line":17,"column":14}},{"start":{"line":12,"column":8},"end":{"line":17,"column":14}}],"line":12},"1":{"loc":{"start":{"line":23,"column":8},"end":{"line":31,"column":9}},"type":"if","locations":[{"start":{"line":23,"column":8},"end":{"line":31,"column":9}},{"start":{"line":23,"column":8},"end":{"line":31,"column":9}}],"line":23}},"s":{"0":2,"1":2,"2":2,"3":22,"4":22,"5":22,"6":18,"7":18,"8":0,"9":18,"10":18,"11":4,"12":4,"13":0,"14":2},"f":{"0":22},"b":{"0":[0,18],"1":[4,0]},"_coverageSchema":"1a1c01bbd47fc00a2c39e90264f33305004495a9","hash":"b33dda8b81261e3e5dd0c642863a1799fa105bcf"}
,"C:\\Users\\Acer\\Documents\\Hacktiv8\\Istanbul\\Phase 3\\New Final Project\\server\\service\\middlewares\\authorize.js": {"path":"C:\\Users\\Acer\\Documents\\Hacktiv8\\Istanbul\\Phase 3\\New Final Project\\server\\service\\middlewares\\authorize.js","statementMap":{"0":{"start":{"line":3,"column":59},"end":{"line":3,"column":79}},"1":{"start":{"line":5,"column":25},"end":{"line":37,"column":1}},"2":{"start":{"line":6,"column":4},"end":{"line":36,"column":5}},"3":{"start":{"line":7,"column":23},"end":{"line":7,"column":33}},"4":{"start":{"line":8,"column":23},"end":{"line":8,"column":37}},"5":{"start":{"line":10,"column":21},"end":{"line":13,"column":10}},"6":{"start":{"line":15,"column":8},"end":{"line":19,"column":14}},"7":{"start":{"line":16,"column":12},"end":{"line":19,"column":14}},"8":{"start":{"line":21,"column":8},"end":{"line":25,"column":14}},"9":{"start":{"line":22,"column":12},"end":{"line":25,"column":14}},"10":{"start":{"line":27,"column":8},"end":{"line":27,"column":15}},"11":{"start":{"line":29,"column":8},"end":{"line":35,"column":9}},"12":{"start":{"line":30,"column":12},"end":{"line":30,"column":51}},"13":{"start":{"line":31,"column":15},"end":{"line":35,"column":9}},"14":{"start":{"line":32,"column":12},"end":{"line":32,"column":51}},"15":{"start":{"line":34,"column":12},"end":{"line":34,"column":67}},"16":{"start":{"line":39,"column":22},"end":{"line":70,"column":1}},"17":{"start":{"line":40,"column":4},"end":{"line":69,"column":5}},"18":{"start":{"line":41,"column":23},"end":{"line":41,"column":33}},"19":{"start":{"line":42,"column":23},"end":{"line":42,"column":37}},"20":{"start":{"line":44,"column":21},"end":{"line":46,"column":10}},"21":{"start":{"line":48,"column":8},"end":{"line":52,"column":14}},"22":{"start":{"line":49,"column":12},"end":{"line":52,"column":14}},"23":{"start":{"line":54,"column":8},"end":{"line":58,"column":14}},"24":{"start":{"line":55,"column":12},"end":{"line":58,"column":14}},"25":{"start":{"line":60,"column":8},"end":{"line":60,"column":15}},"26":{"start":{"line":62,"column":8},"end":{"line":68,"column":9}},"27":{"start":{"line":63,"column":12},"end":{"line":63,"column":51}},"28":{"start":{"line":64,"column":15},"end":{"line":68,"column":9}},"29":{"start":{"line":65,"column":12},"end":{"line":65,"column":51}},"30":{"start":{"line":67,"column":12},"end":{"line":67,"column":67}},"31":{"start":{"line":72,"column":22},"end":{"line":104,"column":1}},"32":{"start":{"line":73,"column":4},"end":{"line":103,"column":5}},"33":{"start":{"line":74,"column":23},"end":{"line":74,"column":33}},"34":{"start":{"line":75,"column":23},"end":{"line":75,"column":37}},"35":{"start":{"line":77,"column":21},"end":{"line":80,"column":10}},"36":{"start":{"line":82,"column":8},"end":{"line":86,"column":14}},"37":{"start":{"line":83,"column":12},"end":{"line":86,"column":14}},"38":{"start":{"line":88,"column":8},"end":{"line":92,"column":14}},"39":{"start":{"line":89,"column":12},"end":{"line":92,"column":14}},"40":{"start":{"line":94,"column":8},"end":{"line":94,"column":15}},"41":{"start":{"line":96,"column":8},"end":{"line":102,"column":9}},"42":{"start":{"line":97,"column":12},"end":{"line":97,"column":51}},"43":{"start":{"line":98,"column":15},"end":{"line":102,"column":9}},"44":{"start":{"line":99,"column":12},"end":{"line":99,"column":51}},"45":{"start":{"line":101,"column":12},"end":{"line":101,"column":67}},"46":{"start":{"line":106,"column":27},"end":{"line":138,"column":1}},"47":{"start":{"line":107,"column":4},"end":{"line":137,"column":5}},"48":{"start":{"line":108,"column":23},"end":{"line":108,"column":33}},"49":{"start":{"line":109,"column":23},"end":{"line":109,"column":37}},"50":{"start":{"line":111,"column":21},"end":{"line":114,"column":10}},"51":{"start":{"line":116,"column":8},"end":{"line":120,"column":14}},"52":{"start":{"line":117,"column":12},"end":{"line":120,"column":14}},"53":{"start":{"line":122,"column":8},"end":{"line":126,"column":14}},"54":{"start":{"line":123,"column":12},"end":{"line":126,"column":14}},"55":{"start":{"line":128,"column":8},"end":{"line":128,"column":15}},"56":{"start":{"line":130,"column":8},"end":{"line":136,"column":9}},"57":{"start":{"line":131,"column":12},"end":{"line":131,"column":51}},"58":{"start":{"line":132,"column":15},"end":{"line":136,"column":9}},"59":{"start":{"line":133,"column":12},"end":{"line":133,"column":51}},"60":{"start":{"line":135,"column":12},"end":{"line":135,"column":67}},"61":{"start":{"line":140,"column":26},"end":{"line":172,"column":1}},"62":{"start":{"line":141,"column":4},"end":{"line":171,"column":5}},"63":{"start":{"line":142,"column":23},"end":{"line":142,"column":33}},"64":{"start":{"line":143,"column":23},"end":{"line":143,"column":37}},"65":{"start":{"line":145,"column":21},"end":{"line":148,"column":10}},"66":{"start":{"line":150,"column":8},"end":{"line":154,"column":14}},"67":{"start":{"line":151,"column":12},"end":{"line":154,"column":14}},"68":{"start":{"line":156,"column":8},"end":{"line":160,"column":14}},"69":{"start":{"line":157,"column":12},"end":{"line":160,"column":14}},"70":{"start":{"line":162,"column":8},"end":{"line":162,"column":15}},"71":{"start":{"line":164,"column":8},"end":{"line":170,"column":9}},"72":{"start":{"line":165,"column":12},"end":{"line":165,"column":51}},"73":{"start":{"line":166,"column":15},"end":{"line":170,"column":9}},"74":{"start":{"line":167,"column":12},"end":{"line":167,"column":51}},"75":{"start":{"line":169,"column":12},"end":{"line":169,"column":67}},"76":{"start":{"line":174,"column":22},"end":{"line":206,"column":1}},"77":{"start":{"line":175,"column":4},"end":{"line":205,"column":5}},"78":{"start":{"line":176,"column":23},"end":{"line":176,"column":33}},"79":{"start":{"line":177,"column":23},"end":{"line":177,"column":37}},"80":{"start":{"line":179,"column":21},"end":{"line":182,"column":10}},"81":{"start":{"line":184,"column":8},"end":{"line":188,"column":14}},"82":{"start":{"line":185,"column":12},"end":{"line":188,"column":14}},"83":{"start":{"line":190,"column":8},"end":{"line":194,"column":14}},"84":{"start":{"line":191,"column":12},"end":{"line":194,"column":14}},"85":{"start":{"line":196,"column":8},"end":{"line":196,"column":15}},"86":{"start":{"line":198,"column":8},"end":{"line":204,"column":9}},"87":{"start":{"line":199,"column":12},"end":{"line":199,"column":51}},"88":{"start":{"line":200,"column":15},"end":{"line":204,"column":9}},"89":{"start":{"line":201,"column":12},"end":{"line":201,"column":51}},"90":{"start":{"line":203,"column":12},"end":{"line":203,"column":67}},"91":{"start":{"line":208,"column":0},"end":{"line":215,"column":2}}},"fnMap":{"0":{"name":"(anonymous_0)","decl":{"start":{"line":5,"column":25},"end":{"line":5,"column":26}},"loc":{"start":{"line":5,"column":51},"end":{"line":37,"column":1}},"line":5},"1":{"name":"(anonymous_1)","decl":{"start":{"line":39,"column":22},"end":{"line":39,"column":
[...]
,"C:\\Users\\Acer\\Documents\\Hacktiv8\\Istanbul\\Phase 3\\New Final Project\\server\\service\\models\\type.js": {"path":"C:\\Users\\Acer\\Documents\\Hacktiv8\\Istanbul\\Phase 3\\New Final Project\\server\\service\\models\\type.js","statementMap":{"0":{"start":{"line":2,"column":18},"end":{"line":2,"column":38}},"1":{"start":{"line":3,"column":0},"end":{"line":24,"column":2}},"2":{"start":{"line":11,"column":6},"end":{"line":11,"column":35}},"3":{"start":{"line":14,"column":2},"end":{"line":22,"column":4}},"4":{"start":{"line":23,"column":2},"end":{"line":23,"column":14}}},"fnMap":{"0":{"name":"(anonymous_0)","decl":{"start":{"line":3,"column":17},"end":{"line":3,"column":18}},"loc":{"start":{"line":3,"column":43},"end":{"line":24,"column":1}},"line":3},"1":{"name":"(anonymous_1)","decl":{"start":{"line":10,"column":4},"end":{"line":10,"column":5}},"loc":{"start":{"line":10,"column":29},"end":{"line":12,"column":5}},"line":10}},"branchMap":{},"s":{"0":2,"1":2,"2":2,"3":2,"4":2},"f":{"0":2,"1":2},"b":{},"_coverageSchema":"1a1c01bbd47fc00a2c39e90264f33305004495a9","hash":"c59a81c505a45c4fdebd1b3683930eb1fe1fa58a"}
,"C:\\Users\\Acer\\Documents\\Hacktiv8\\Istanbul\\Phase 3\\New Final Project\\server\\service\\models\\user.js": {"path":"C:\\Users\\Acer\\Documents\\Hacktiv8\\Istanbul\\Phase 3\\New Final Project\\server\\service\\models\\user.js","statementMap":{"0":{"start":{"line":4,"column":18},"end":{"line":4,"column":38}},"1":{"start":{"line":5,"column":0},"end":{"line":119,"column":2}},"2":{"start":{"line":6,"column":23},"end":{"line":6,"column":54}},"3":{"start":{"line":7,"column":24},"end":{"line":7,"column":62}},"4":{"start":{"line":15,"column":6},"end":{"line":18,"column":9}},"5":{"start":{"line":19,"column":6},"end":{"line":22,"column":9}},"6":{"start":{"line":23,"column":6},"end":{"line":26,"column":9}},"7":{"start":{"line":27,"column":6},"end":{"line":30,"column":9}},"8":{"start":{"line":31,"column":6},"end":{"line":34,"column":9}},"9":{"start":{"line":35,"column":6},"end":{"line":35,"column":35}},"10":{"start":{"line":36,"column":6},"end":{"line":36,"column":60}},"11":{"start":{"line":37,"column":6},"end":{"line":37,"column":62}},"12":{"start":{"line":40,"column":2},"end":{"line":117,"column":4}},"13":{"start":{"line":68,"column":12},"end":{"line":72,"column":13}},"14":{"start":{"line":69,"column":14},"end":{"line":71,"column":16}},"15":{"start":{"line":108,"column":10},"end":{"line":108,"column":50}},"16":{"start":{"line":109,"column":10},"end":{"line":110,"column":99}},"17":{"start":{"line":111,"column":10},"end":{"line":111,"column":27}},"18":{"start":{"line":118,"column":2},"end":{"line":118,"column":14}}},"fnMap":{"0":{"name":"(anonymous_0)","decl":{"start":{"line":5,"column":17},"end":{"line":5,"column":18}},"loc":{"start":{"line":5,"column":43},"end":{"line":119,"column":1}},"line":5},"1":{"name":"(anonymous_1)","decl":{"start":{"line":14,"column":4},"end":{"line":14,"column":5}},"loc":{"start":{"line":14,"column":29},"end":{"line":38,"column":5}},"line":14},"2":{"name":"(anonymous_2)","decl":{"start":{"line":67,"column":10},"end":{"line":67,"column":11}},"loc":{"start":{"line":67,"column":37},"end":{"line":73,"column":11}},"line":67},"3":{"name":"(anonymous_3)","decl":{"start":{"line":107,"column":22},"end":{"line":107,"column":23}},"loc":{"start":{"line":107,"column":32},"end":{"line":112,"column":9}},"line":107}},"branchMap":{"0":{"loc":{"start":{"line":68,"column":12},"end":{"line":72,"column":13}},"type":"if","locations":[{"start":{"line":68,"column":12},"end":{"line":72,"column":13}},{"start":{"line":68,"column":12},"end":{"line":72,"column":13}}],"line":68}},"s":{"0":2,"1":2,"2":2,"3":2,"4":2,"5":2,"6":2,"7":2,"8":2,"9":2,"10":2,"11":2,"12":2,"13":3,"14":0,"15":3,"16":3,"17":3,"18":2},"f":{"0":2,"1":2,"2":3,"3":3},"b":{"0":[0,3]},"_coverageSchema":"1a1c01bbd47fc00a2c39e90264f33305004495a9","hash":"a5546af87e3fa9565d52d1592c4c8f949e75a201"}
,"C:\\Users\\Acer\\Documents\\Hacktiv8\\Istanbul\\Phase 3\\New Final Project\\server\\service\\models\\virtualaccount.js": {"path":"C:\\Users\\Acer\\Documents\\Hacktiv8\\Istanbul\\Phase 3\\New Final Project\\server\\service\\models\\virtualaccount.js","statementMap":{"0":{"start":{"line":2,"column":18},"end":{"line":2,"column":38}},"1":{"start":{"line":3,"column":0},"end":{"line":24,"column":2}},"2":{"start":{"line":14,"column":2},"end":{"line":22,"column":4}},"3":{"start":{"line":23,"column":2},"end":{"line":23,"column":24}}},"fnMap":{"0":{"name":"(anonymous_0)","decl":{"start":{"line":3,"column":17},"end":{"line":3,"column":18}},"loc":{"start":{"line":3,"column":43},"end":{"line":24,"column":1}},"line":3},"1":{"name":"(anonymous_1)","decl":{"start":{"line":10,"column":4},"end":{"line":10,"column":5}},"loc":{"start":{"line":10,"column":29},"end":{"line":12,"column":5}},"line":10}},"branchMap":{},"s":{"0":2,"1":2,"2":2,"3":2},"f":{"0":2,"1":2},"b":{},"_coverageSchema":"1a1c01bbd47fc00a2c39e90264f33305004495a9","hash":"b3e87cf3ec0de07691364d4d8a94bbb7d858156f"}
,"C:\\Users\\Acer\\Documents\\Hacktiv8\\Istanbul\\Phase 3\\New Final Project\\server\\service\\models\\wishlist.js": {"path":"C:\\Users\\Acer\\Documents\\Hacktiv8\\Istanbul\\Phase 3\\New Final Project\\server\\service\\models\\wishlist.js","statementMap":{"0":{"start":{"line":2,"column":18},"end":{"line":2,"column":38}},"1":{"start":{"line":3,"column":0},"end":{"line":26,"column":2}},"2":{"start":{"line":11,"column":6},"end":{"line":11,"column":38}},"3":{"start":{"line":12,"column":6},"end":{"line":12,"column":41}},"4":{"start":{"line":15,"column":2},"end":{"line":24,"column":4}},"5":{"start":{"line":25,"column":2},"end":{"line":25,"column":18}}},"fnMap":{"0":{"name":"(anonymous_0)","decl":{"start":{"line":3,"column":17},"end":{"line":3,"column":18}},"loc":{"start":{"line":3,"column":43},"end":{"line":26,"column":1}},"line":3},"1":{"name":"(anonymous_1)","decl":{"start":{"line":10,"column":4},"end":{"line":10,"column":5}},"loc":{"start":{"line":10,"column":29},"end":{"line":13,"column":5}},"line":10}},"branchMap":{},"s":{"0":2,"1":2,"2":2,"3":2,"4":2,"5":2},"f":{"0":2,"1":2},"b":{},"_coverageSchema":"1a1c01bbd47fc00a2c39e90264f33305004495a9","hash":"28e3f1d74636a5a8765691fbd0f396111e6ec3f9"}
,"C:\\Users\\Acer\\Documents\\Hacktiv8\\Istanbul\\Phase 3\\New Final Project\\server\\service\\routes\\auction.js": {"path":"C:\\Users\\Acer\\Documents\\Hacktiv8\\Istanbul\\Phase 3\\New Final Project\\server\\service\\routes\\auction.js","statementMap":{"0":{"start":{"line":1,"column":15},"end":{"line":1,"column":42}},"1":{"start":{"line":2,"column":26},"end":{"line":2,"column":72}},"2":{"start":{"line":3,"column":25},"end":{"line":3,"column":66}},"3":{"start":{"line":5,"column":0},"end":{"line":5,"column":25}},"4":{"start":{"line":7,"column":0},"end":{"line":7,"column":50}},"5":{"start":{"line":9,"column":0},"end":{"line":9,"column":24}}},"fnMap":{},"branchMap":{},"s":{"0":2,"1":2,"2":2,"3":2,"4":2,"5":2},"f":{},"b":{},"_coverageSchema":"1a1c01bbd47fc00a2c39e90264f33305004495a9","hash":"e4b136cc56f9e8b195a5c9e9864ddd521b17c5d2"}
,"C:\\Users\\Acer\\Documents\\Hacktiv8\\Istanbul\\Phase 3\\New Final Project\\server\\service\\routes\\cart.js": {"path":"C:\\Users\\Acer\\Documents\\Hacktiv8\\Istanbul\\Phase 3\\New Final Project\\server\\service\\routes\\cart.js","statementMap":{"0":{"start":{"line":1,"column":15},"end":{"line":1,"column":42}},"1":{"start":{"line":2,"column":23},"end":{"line":2,"column":66}},"2":{"start":{"line":3,"column":25},"end":{"line":3,"column":66}},"3":{"start":{"line":4,"column":26},"end":{"line":4,"column":64}},"4":{"start":{"line":6,"column":0},"end":{"line":6,"column":25}},"5":{"start":{"line":8,"column":0},"end":{"line":8,"column":44}},"6":{"start":{"line":9,"column":0},"end":{"line":9,"column":40}},"7":{"start":{"line":11,"column":0},"end":{"line":11,"column":34}},"8":{"start":{"line":13,"column":0},"end":{"line":13,"column":49}},"9":{"start":{"line":15,"column":0},"end":{"line":15,"column":24}}},"fnMap":{},"branchMap":{},"s":{"0":2,"1":2,"2":2,"3":2,"4":2,"5":2,"6":2,"7":2,"8":2,"9":2},"f":{},"b":{},"_coverageSchema":"1a1c01bbd47fc00a2c39e90264f33305004495a9","hash":"2d73f33a7efa3d9fcef045959d38715396b8c773"}
,"C:\\Users\\Acer\\Documents\\Hacktiv8\\Istanbul\\Phase 3\\New Final Project\\server\\service\\routes\\category.js": {"path":"C:\\Users\\Acer\\Documents\\Hacktiv8\\Istanbul\\Phase 3\\New Final Project\\server\\service\\routes\\category.js","statementMap":{"0":{"start":{"line":1,"column":15},"end":{"line":1,"column":42}},"1":{"start":{"line":2,"column":27},"end":{"line":2,"column":74}},"2":{"start":{"line":4,"column":0},"end":{"line":4,"column":48}},"3":{"start":{"line":5,"column":0},"end":{"line":5,"column":63}},"4":{"start":{"line":7,"column":0},"end":{"line":7,"column":24}}},"fnMap":{},"branchMap":{},"s":{"0":2,"1":2,"2":2,"3":2,"4":2},"f":{},"b":{},"_coverageSchema":"1a1c01bbd47fc00a2c39e90264f33305004495a9","hash":"8bf94b727a112cb98b07029838e52cf4266c758a"}
,"C:\\Users\\Acer\\Documents\\Hacktiv8\\Istanbul\\Phase 3\\New Final Project\\server\\service\\routes\\chat.js": {"path":"C:\\Users\\Acer\\Documents\\Hacktiv8\\Istanbul\\Phase 3\\New Final Project\\server\\service\\routes\\chat.js","statementMap":{"0":{"start":{"line":1,"column":15},"end":{"line":1,"column":42}},"1":{"start":{"line":2,"column":23},"end":{"line":2,"column":66}},"2":{"start":{"line":3,"column":25},"end":{"line":3,"column":66}},"3":{"start":{"line":4,"column":26},"end":{"line":4,"column":64}},"4":{"start":{"line":6,"column":0},"end":{"line":6,"column":25}},"5":{"start":{"line":8,"column":0},"end":{"line":8,"column":44}},"6":{"start":{"line":10,"column":0},"end":{"line":10,"column":41}},"7":{"start":{"line":12,"column":0},"end":{"line":12,"column":34}},"8":{"start":{"line":14,"column":0},"end":{"line":14,"column":49}},"9":{"start":{"line":16,"column":0},"end":{"line":16,"column":24}}},"fnMap":{},"branchMap":{},"s":{"0":2,"1":2,"2":2,"3":2,"4":2,"5":2,"6":2,"7":2,"8":2,"9":2},"f":{},"b":{},"_coverageSchema":"1a1c01bbd47fc00a2c39e90264f33305004495a9","hash":"cc9702ec9494df6d2a7befb683deb2bda5097722"}
,"C:\\Users\\Acer\\Documents\\Hacktiv8\\Istanbul\\Phase 3\\New Final Project\\server\\service\\routes\\community.js": {"path":"C:\\Users\\Acer\\Documents\\Hacktiv8\\Istanbul\\Phase 3\\New Final Project\\server\\service\\routes\\community.js","statementMap":{"0":{"start":{"line":3,"column":15},"end":{"line":3,"column":42}},"1":{"start":{"line":4,"column":28},"end":{"line":4,"column":76}},"2":{"start":{"line":5,"column":26},"end":{"line":5,"column":72}},"3":{"start":{"line":6,"column":25},"end":{"line":6,"column":66}},"4":{"start":{"line":7,"column":31},"end":{"line":7,"column":69}},"5":{"start":{"line":9,"column":0},"end":{"line":9,"column":25}},"6":{"start":{"line":11,"column":0},"end":{"line":11,"column":49}},"7":{"start":{"line":12,"column":0},"end":{"line":12,"column":50}},"8":{"start":{"line":14,"column":0},"end":{"line":14,"column":39}},"9":{"start":{"line":16,"column":0},"end":{"line":16,"column":59}},"10":{"start":{"line":18,"column":0},"end":{"line":18,"column":49}},"11":{"start":{"line":20,"column":0},"end":{"line":20,"column":24}}},"fnMap":{},"branchMap":{},"s":{"0":2,"1":2,"2":2,"3":2,"4":2,"5":2,"6":2,"7":2,"8":2,"9":2,"10":2,"11":2},"f":{},"b":{},"_coverageSchema":"1a1c01bbd47fc00a2c39e90264f33305004495a9","hash":"48616e7d6a8b89bcb1b420056708389c6bdd38fb"}
,"C:\\Users\\Acer\\Documents\\Hacktiv8\\Istanbul\\Phase 3\\New Final Project\\server\\service\\routes\\index.js": {"path":"C:\\Users\\Acer\\Documents\\Hacktiv8\\Istanbul\\Phase 3\\New Final Project\\server\\service\\routes\\index.js","statementMap":{"0":{"start":{"line":3,"column":15},"end":{"line":3,"column":42}},"1":{"start":{"line":4,"column":18},"end":{"line":4,"column":35}},"2":{"start":{"line":5,"column":21},"end":{"line":5,"column":41}},"3":{"start":{"line":6,"column":22},"end":{"line":6,"column":43}},"4":{"start":{"line":7,"column":18},"end":{"line":7,"column":35}},"5":{"start":{"line":8,"column":28},"end":{"line":8,"column":55}},"6":{"start":{"line":9,"column":18},"end":{"line":9,"column":38}},"7":{"start":{"line":10,"column":22},"end":{"line":10,"column":46}},"8":{"start":{"line":11,"column":18},"end":{"line":11,"column":38}},"9":{"start":{"line":12,"column":21},"end":{"line":12,"column":44}},"10":{"start":{"line":13,"column":23},"end":{"line":13,"column":48}},"11":{"start":{"line":16,"column":0},"end":{"line":16,"column":32}},"12":{"start":{"line":17,"column":0},"end":{"line":17,"column":38}},"13":{"start":{"line":18,"column":0},"end":{"line":18,"column":40}},"14":{"start":{"line":19,"column":0},"end":{"line":19,"column":32}},"15":{"start":{"line":20,"column":0},"end":{"line":20,"column":51}},"16":{"start":{"line":21,"column":0},"end":{"line":21,"column":32}},"17":{"start":{"line":22,"column":0},"end":{"line":22,"column":41}},"18":{"start":{"line":23,"column":0},"end":{"line":23,"column":32}},"19":{"start":{"line":24,"column":0},"end":{"line":24,"column":37}},"20":{"start":{"line":25,"column":0},"end":{"line":25,"column":41}},"21":{"start":{"line":29,"column":0},"end":{"line":29,"column":24}}},"fnMap":{},"branchMap":{},"s":{"0":2,"1":2,"2":2,"3":2,"4":2,"5":2,"6":2,"7":2,"8":2,"9":2,"10":2,"11":2,"12":2,"13":2,"14":2,"15":2,"16":2,"17":2,"18":2,"19":2,"20":2,"21":2},"f":{},"b":{},"_coverageSchema":"1a1c01bbd47fc00a2c39e90264f33305004495a9","hash":"141a87de55dd44a745726448e5eace2aa87d1f33"}
,"C:\\Users\\Acer\\Documents\\Hacktiv8\\Istanbul\\Phase 3\\New Final Project\\server\\service\\routes\\product.js": {"path":"C:\\Users\\Acer\\Documents\\Hacktiv8\\Istanbul\\Phase 3\\New Final Project\\server\\service\\routes\\product.js","statementMap":{"0":{"start":{"line":1,"column":15},"end":{"line":1,"column":42}},"1":{"start":{"line":2,"column":26},"end":{"line":2,"column":72}},"2":{"start":{"line":3,"column":25},"end":{"line":3,"column":66}},"3":{"start":{"line":4,"column":29},"end":{"line":4,"column":67}},"4":{"start":{"line":6,"column":0},"end":{"line":6,"column":42}},"5":{"start":{"line":7,"column":0},"end":{"line":7,"column":46}},"6":{"start":{"line":9,"column":0},"end":{"line":9,"column":54}},"7":{"start":{"line":10,"column":0},"end":{"line":10,"column":64}},"8":{"start":{"line":11,"column":0},"end":{"line":11,"column":25}},"9":{"start":{"line":13,"column":0},"end":{"line":13,"column":50}},"10":{"start":{"line":14,"column":0},"end":{"line":14,"column":63}},"11":{"start":{"line":16,"column":0},"end":{"line":16,"column":68}},"12":{"start":{"line":17,"column":0},"end":{"line":17,"column":73}},"13":{"start":{"line":19,"column":0},"end":{"line":19,"column":24}}},"fnMap":{},"branchMap":{},"s":{"0":2,"1":2,"2":2,"3":2,"4":2,"5":2,"6":2,"7":2,"8":2,"9":2,"10":2,"11":2,"12":2,"13":2},"f":{},"b":{},"_coverageSchema":"1a1c01bbd47fc00a2c39e90264f33305004495a9","hash":"e4dc04b422f0fa1dcaa223f6721174b8c12cc16c"}
,"C:\\Users\\Acer\\Documents\\Hacktiv8\\Istanbul\\Phase 3\\New Final Project\\server\\service\\routes\\type.js": {"path":"C:\\Users\\Acer\\Documents\\Hacktiv8\\Istanbul\\Phase 3\\New Final Project\\server\\service\\routes\\type.js","statementMap":{"0":{"start":{"line":1,"column":15},"end":{"line":1,"column":42}},"1":{"start":{"line":2,"column":23},"end":{"line":2,"column":66}},"2":{"start":{"line":4,"column":0},"end":{"line":4,"column":41}},"3":{"start":{"line":5,"column":0},"end":{"line":5,"column":55}},"4":{"start":{"line":7,"column":0},"end":{"line":7,"column":24}}},"fnMap":{},"branchMap":{},"s":{"0":2,"1":2,"2":2,"3":2,"4":2},"f":{},"b":{},"_coverageSchema":"1a1c01bbd47fc00a2c39e90264f33305004495a9","hash":"8240b3de431f6b126be85fddb680ed7875ec3088"}
,"C:\\Users\\Acer\\Documents\\Hacktiv8\\Istanbul\\Phase 3\\New Final Project\\server\\service\\routes\\user.js": {"path":"C:\\Users\\Acer\\Documents\\Hacktiv8\\Istanbul\\Phase 3\\New Final Project\\server\\service\\routes\\user.js","statementMap":{"0":{"start":{"line":1,"column":15},"end":{"line":1,"column":42}},"1":{"start":{"line":2,"column":23},"end":{"line":2,"column":66}},"2":{"start":{"line":3,"column":25},"end":{"line":3,"column":66}},"3":{"start":{"line":4,"column":26},"end":{"line":4,"column":64}},"4":{"start":{"line":6,"column":0},"end":{"line":6,"column":50}},"5":{"start":{"line":7,"column":0},"end":{"line":7,"column":44}},"6":{"start":{"line":8,"column":0},"end":{"line":8,"column":57}},"7":{"start":{"line":10,"column":0},"end":{"line":10,"column":25}},"8":{"start":{"line":12,"column":0},"end":{"line":12,"column":61}},"9":{"start":{"line":13,"column":0},"end":{"line":13,"column":62}},"10":{"start":{"line":14,"column":0},"end":{"line":14,"column":76}},"11":{"start":{"line":15,"column":0},"end":{"line":15,"column":64}},"12":{"start":{"line":17,"column":0},"end":{"line":17,"column":24}}},"fnMap":{},"branchMap":{},"s":{"0":2,"1":2,"2":2,"3":2,"4":2,"5":2,"6":2,"7":2,"8":2,"9":2,"10":2,"11":2,"12":2},"f":{},"b":{},"_coverageSchema":"1a1c01bbd47fc00a2c39e90264f33305004495a9","hash":"265b8cee7c8729e139fcfc687df5ba1b0535934b"}
,"C:\\Users\\Acer\\Documents\\Hacktiv8\\Istanbul\\Phase 3\\New Final Project\\server\\service\\routes\\virtualAccount.js": {"path":"C:\\Users\\Acer\\Documents\\Hacktiv8\\Istanbul\\Phase 3\\New Final Project\\server\\service\\routes\\virtualAccount.js","statementMap":{"0":{"start":{"line":1,"column":15},"end":{"line":1,"column":42}},"1":{"start":{"line":2,"column":33},"end":{"line":2,"column":86}},"2":{"start":{"line":4,"column":0},"end":{"line":4,"column":53}},"3":{"start":{"line":6,"column":0},"end":{"line":6,"column":24}}},"fnMap":{},"branchMap":{},"s":{"0":2,"1":2,"2":2,"3":2},"f":{},"b":{},"_coverageSchema":"1a1c01bbd47fc00a2c39e90264f33305004495a9","hash":"36bbd394bf3afb6aee7463c785d472209061799d"}
,"C:\\Users\\Acer\\Documents\\Hacktiv8\\Istanbul\\Phase 3\\New Final Project\\server\\service\\routes\\wishlist.js": {"path":"C:\\Users\\Acer\\Documents\\Hacktiv8\\Istanbul\\Phase 3\\New Final Project\\server\\service\\routes\\wishlist.js","statementMap":{"0":{"start":{"line":1,"column":15},"end":{"line":1,"column":42}},"1":{"start":{"line":2,"column":27},"end":{"line":2,"column":74}},"2":{"start":{"line":3,"column":25},"end":{"line":3,"column":66}},"3":{"start":{"line":4,"column":30},"end":{"line":4,"column":68}},"4":{"start":{"line":6,"column":0},"end":{"line":6,"column":25}},"5":{"start":{"line":8,"column":0},"end":{"line":8,"column":52}},"6":{"start":{"line":9,"column":0},"end":{"line":9,"column":48}},"7":{"start":{"line":11,"column":0},"end":{"line":11,"column":38}},"8":{"start":{"line":12,"column":0},"end":{"line":12,"column":57}},"9":{"start":{"line":14,"column":0},"end":{"line":14,"column":24}}},"fnMap":{},"branchMap":{},"s":{"0":2,"1":2,"2":2,"3":2,"4":2,"5":2,"6":2,"7":2,"8":2,"9":2},"f":{},"b":{},"_coverageSchema":"1a1c01bbd47fc00a2c39e90264f33305004495a9","hash":"9bbefaeda9872f72520e6a91120799fa4ce30217"}
}
