TN:
SF:app.js
FN:26,(anonymous_0)
FN:29,(anonymous_1)
FN:33,(anonymous_2)
FN:37,(anonymous_3)
FN:41,(anonymous_4)
FN:45,(anonymous_5)
FN:49,(anonymous_6)
FNF:7
FNH:0
FNDA:0,(anonymous_0)
FNDA:0,(anonymous_1)
FNDA:0,(anonymous_2)
FNDA:0,(anonymous_3)
FNDA:0,(anonymous_4)
FNDA:0,(anonymous_5)
FNDA:0,(anonymous_6)
DA:1,2
DA:2,2
DA:5,2
DA:6,2
DA:7,2
DA:8,2
DA:10,2
DA:11,2
DA:12,2
DA:18,2
DA:19,2
DA:20,2
DA:21,2
DA:23,2
DA:24,2
DA:26,2
DA:27,0
DA:29,0
DA:30,0
DA:33,0
DA:34,0
DA:37,0
DA:38,0
DA:41,0
DA:42,0
DA:45,0
DA:46,0
DA:49,0
DA:50,0
DA:54,2
LF:30
LH:17
BRDA:1,0,0,2
BRDA:1,0,1,0
BRF:2
BRH:1
end_of_record
TN:
SF:__test__\seeder.js
FN:5,(anonymous_0)
FN:19,(anonymous_1)
FNF:2
FNH:2
FNDA:2,(anonymous_0)
FNDA:1,(anonymous_1)
DA:1,2
DA:5,2
DA:6,2
DA:14,2
DA:15,2
DA:19,2
DA:20,1
DA:28,1
DA:29,1
DA:34,2
LF:10
LH:10
BRDA:14,0,0,2
BRDA:14,0,1,0
BRDA:28,1,0,1
BRDA:28,1,1,0
BRF:4
BRH:2
end_of_record
TN:
SF:config\config.js
FNF:0
FNH:0
DA:1,2
DA:3,2
DA:4,2
DA:7,2
DA:9,2
DA:10,2
DA:11,2
DA:12,2
DA:13,2
DA:15,2
LF:10
LH:10
BRDA:3,0,0,2
BRDA:3,0,1,0
BRF:2
BRH:1
end_of_record
TN:
SF:controllers\CartController.js
FN:4,(anonymous_0)
FN:39,(anonymous_1)
FN:56,(anonymous_2)
FNF:3
FNH:0
FNDA:0,(anonymous_0)
FNDA:0,(anonymous_1)
FNDA:0,(anonymous_2)
DA:1,2
DA:5,0
DA:6,0
DA:7,0
DA:9,0
DA:14,0
DA:21,0
DA:22,0
DA:28,0
DA:30,0
DA:31,0
DA:33,0
DA:35,0
DA:40,0
DA:41,0
DA:43,0
DA:48,0
DA:50,0
DA:52,0
DA:57,0
DA:58,0
DA:60,0
DA:64,0
DA:66,0
DA:70,0
DA:75,2
LF:26
LH:2
BRDA:21,0,0,0
BRDA:21,0,1,0
BRDA:30,1,0,0
BRDA:30,1,1,0
BRDA:48,2,0,0
BRDA:48,2,1,0
BRDA:64,3,0,0
BRDA:64,3,1,0
BRF:8
BRH:0
end_of_record
TN:
SF:controllers\CategoryController.js
FN:4,(anonymous_0)
FN:18,(anonymous_1)
FNF:2
FNH:0
FNDA:0,(anonymous_0)
FNDA:0,(anonymous_1)
DA:1,2
DA:5,0
DA:6,0
DA:10,0
DA:12,0
DA:14,0
DA:19,0
DA:20,0
DA:22,0
DA:27,0
DA:29,0
DA:31,0
DA:36,2
LF:13
LH:2
BRDA:10,0,0,0
BRDA:10,0,1,0
BRDA:27,1,0,0
BRDA:27,1,1,0
BRF:4
BRH:0
end_of_record
TN:
SF:controllers\ChatController.js
FN:4,(anonymous_0)
FN:24,(anonymous_1)
FN:83,(anonymous_2)
FNF:3
FNH:0
FNDA:0,(anonymous_0)
FNDA:0,(anonymous_1)
FNDA:0,(anonymous_2)
DA:1,2
DA:5,0
DA:6,0
DA:8,0
DA:14,0
DA:16,0
DA:18,0
DA:20,0
DA:25,0
DA:26,0
DA:27,0
DA:29,0
DA:30,0
DA:35,0
DA:40,0
DA:45,0
DA:50,0
DA:55,0
DA:61,0
DA:62,0
DA:84,0
DA:85,0
DA:87,0
DA:91,0
DA:93,0
DA:97,0
DA:102,2
LF:27
LH:2
BRDA:16,0,0,0
BRDA:16,0,1,0
BRDA:29,1,0,0
BRDA:29,1,1,0
BRDA:91,2,0,0
BRDA:91,2,1,0
BRF:6
BRH:0
end_of_record
TN:
SF:controllers\CommunityController.js
FN:6,(anonymous_0)
FN:43,(anonymous_1)
FN:59,(anonymous_2)
FNF:3
FNH:0
FNDA:0,(anonymous_0)
FNDA:0,(anonymous_1)
FNDA:0,(anonymous_2)
DA:3,2
DA:7,0
DA:8,0
DA:9,0
DA:11,0
DA:16,0
DA:23,0
DA:24,0
DA:30,0
DA:32,0
DA:34,0
DA:36,0
DA:37,0
DA:39,0
DA:44,0
DA:45,0
DA:47,0
DA:51,0
DA:53,0
DA:55,0
DA:60,0
DA:61,0
DA:63,0
DA:67,0
DA:69,0
DA:73,0
DA:78,2
LF:27
LH:2
BRDA:23,0,0,0
BRDA:23,0,1,0
BRDA:32,1,0,0
BRDA:32,1,1,0
BRDA:51,2,0,0
BRDA:51,2,1,0
BRDA:67,3,0,0
BRDA:67,3,1,0
BRF:8
BRH:0
end_of_record
TN:
SF:controllers\ProductController.js
FN:15,(anonymous_0)
FN:34,(anonymous_1)
FN:50,(anonymous_2)
FN:68,(anonymous_3)
FN:72,(anonymous_4)
FN:90,(anonymous_5)
FN:112,(anonymous_6)
FN:116,(anonymous_7)
FN:128,(anonymous_8)
FN:179,(anonymous_9)
FN:216,(anonymous_10)
FN:222,(anonymous_11)
FN:239,(anonymous_12)
FN:277,(anonymous_13)
FN:283,(anonymous_14)
FN:295,(anonymous_15)
FN:318,(anonymous_16)
FN:341,(anonymous_17)
FN:359,(anonymous_18)
FN:437,(anonymous_19)
FNF:20
FNH:9
FNDA:1,(anonymous_0)
FNDA:1,(anonymous_1)
FNDA:7,(anonymous_2)
FNDA:1,(anonymous_3)
FNDA:6,(anonymous_4)
FNDA:0,(anonymous_5)
FNDA:0,(anonymous_6)
FNDA:0,(anonymous_7)
FNDA:0,(anonymous_8)
FNDA:7,(anonymous_9)
FNDA:1,(anonymous_10)
FNDA:6,(anonymous_11)
FNDA:0,(anonymous_12)
FNDA:0,(anonymous_13)
FNDA:0,(anonymous_14)
FNDA:0,(anonymous_15)
FNDA:0,(anonymous_16)
FNDA:1,(anonymous_17)
FNDA:0,(anonymous_18)
FNDA:0,(anonymous_19)
DA:3,2
DA:4,2
DA:5,2
DA:6,2
DA:7,2
DA:9,2
DA:16,1
DA:17,1
DA:26,1
DA:28,1
DA:30,0
DA:35,1
DA:36,1
DA:37,1
DA:42,1
DA:44,1
DA:46,0
DA:51,7
DA:52,7
DA:53,7
DA:54,7
DA:55,7
DA:67,7
DA:69,1
DA:70,1
DA:73,6
DA:74,6
DA:77,7
DA:80,0
DA:81,0
DA:90,0
DA:91,0
DA:92,0
DA:93,0
DA:95,0
DA:96,0
DA:97,0
DA:98,0
DA:99,0
DA:111,0
DA:113,0
DA:114,0
DA:117,0
DA:118,0
DA:123,0
DA:124,0
DA:129,0
DA:130,0
DA:131,0
DA:133,0
DA:135,0
DA:137,0
DA:139,0
DA:140,0
DA:146,0
DA:165,0
DA:169,0
DA:171,0
DA:175,0
DA:180,7
DA:181,7
DA:182,7
DA:184,7
DA:185,7
DA:197,7
DA:199,7
DA:213,7
DA:217,1
DA:218,1
DA:224,6
DA:226,7
DA:229,0
DA:230,0
DA:239,0
DA:240,0
DA:241,0
DA:242,0
DA:244,0
DA:245,0
DA:246,0
DA:258,0
DA:260,0
DA:274,0
DA:278,0
DA:279,0
DA:285,0
DA:291,0
DA:296,0
DA:297,0
DA:299,0
DA:301,0
DA:308,0
DA:310,0
DA:314,0
DA:319,0
DA:320,0
DA:322,0
DA:324,0
DA:331,0
DA:333,0
DA:337,0
DA:342,1
DA:343,1
DA:345,1
DA:349,1
DA:351,1
DA:355,0
DA:360,0
DA:361,0
DA:362,0
DA:363,0
DA:367,0
DA:369,0
DA:370,0
DA:371,0
DA:373,0
DA:379,0
DA:426,0
DA:428,0
DA:432,0
DA:433,0
DA:437,2
DA:438,0
DA:439,0
DA:440,0
DA:441,0
DA:451,0
DA:452,0
DA:453,0
DA:455,0
DA:457,0
DA:458,0
DA:463,2
LF:133
LH:45
BRDA:26,0,0,0
BRDA:26,0,1,1
BRDA:42,1,0,0
BRDA:42,1,1,1
BRDA:53,2,0,7
BRDA:53,2,1,0
BRDA:53,3,0,7
BRDA:53,3,1,0
BRDA:69,4,0,0
BRDA:69,4,1,1
BRDA:91,5,0,0
BRDA:91,5,1,0
BRDA:95,6,0,0
BRDA:95,6,1,0
BRDA:113,7,0,0
BRDA:113,7,1,0
BRDA:135,8,0,0
BRDA:135,8,1,0
BRDA:139,9,0,0
BRDA:139,9,1,0
BRDA:169,10,0,0
BRDA:169,10,1,0
BRDA:185,11,0,7
BRDA:185,11,1,0
BRDA:185,12,0,7
BRDA:185,12,1,0
BRDA:217,13,0,0
BRDA:217,13,1,1
BRDA:240,14,0,0
BRDA:240,14,1,0
BRDA:244,15,0,0
BRDA:244,15,1,0
BRDA:278,16,0,0
BRDA:278,16,1,0
BRDA:308,17,0,0
BRDA:308,17,1,0
BRDA:331,18,0,0
BRDA:331,18,1,0
BRDA:349,19,0,0
BRDA:349,19,1,1
BRDA:451,20,0,0
BRDA:451,20,1,0
BRF:42
BRH:9
end_of_record
TN:
SF:controllers\TypeController.js
FN:4,(anonymous_0)
FN:16,(anonymous_1)
FNF:2
FNH:0
FNDA:0,(anonymous_0)
FNDA:0,(anonymous_1)
DA:1,2
DA:5,0
DA:6,0
DA:8,0
DA:10,0
DA:12,0
DA:17,0
DA:18,0
DA:20,0
DA:25,0
DA:27,0
DA:29,0
DA:34,2
LF:13
LH:2
BRDA:8,0,0,0
BRDA:8,0,1,0
BRDA:25,1,0,0
BRDA:25,1,1,0
BRF:4
BRH:0
end_of_record
TN:
SF:controllers\UserController.js
FN:14,(anonymous_0)
FN:44,(anonymous_1)
FN:88,(anonymous_2)
FN:114,(anonymous_3)
FN:132,(anonymous_4)
FN:143,(anonymous_5)
FN:161,(anonymous_6)
FN:167,(anonymous_7)
FN:179,(anonymous_8)
FN:215,(anonymous_9)
FN:243,(anonymous_10)
FNF:11
FNH:0
FNDA:0,(anonymous_0)
FNDA:0,(anonymous_1)
FNDA:0,(anonymous_2)
FNDA:0,(anonymous_3)
FNDA:0,(anonymous_4)
FNDA:0,(anonymous_5)
FNDA:0,(anonymous_6)
FNDA:0,(anonymous_7)
FNDA:0,(anonymous_8)
FNDA:0,(anonymous_9)
FNDA:0,(anonymous_10)
DA:1,2
DA:2,2
DA:3,2
DA:4,2
DA:5,2
DA:6,2
DA:8,2
DA:15,0
DA:16,0
DA:18,0
DA:26,0
DA:28,0
DA:30,0
DA:40,0
DA:45,0
DA:46,0
DA:48,0
DA:52,0
DA:53,0
DA:59,0
DA:61,0
DA:62,0
DA:68,0
DA:73,0
DA:84,0
DA:89,0
DA:90,0
DA:92,0
DA:97,0
DA:99,0
DA:110,0
DA:115,0
DA:116,0
DA:118,0
DA:119,0
DA:122,0
DA:123,0
DA:131,0
DA:132,0
DA:133,0
DA:134,0
DA:135,0
DA:137,0
DA:138,0
DA:139,0
DA:140,0
DA:142,0
DA:144,0
DA:145,0
DA:147,0
DA:156,0
DA:157,0
DA:162,0
DA:163,0
DA:168,0
DA:169,0
DA:174,0
DA:175,0
DA:180,0
DA:181,0
DA:183,0
DA:185,0
DA:187,0
DA:189,0
DA:191,0
DA:192,0
DA:198,0
DA:205,0
DA:207,0
DA:211,0
DA:216,0
DA:217,0
DA:218,0
DA:220,0
DA:222,0
DA:224,0
DA:226,0
DA:233,0
DA:235,0
DA:239,0
DA:244,0
DA:245,0
DA:247,0
DA:251,0
DA:253,0
DA:257,0
DA:262,2
LF:87
LH:8
BRDA:28,0,0,0
BRDA:28,0,1,0
BRDA:52,1,0,0
BRDA:52,1,1,0
BRDA:61,2,0,0
BRDA:61,2,1,0
BRDA:97,3,0,0
BRDA:97,3,1,0
BRDA:118,4,0,0
BRDA:118,4,1,0
BRDA:133,5,0,0
BRDA:133,5,1,0
BRDA:137,6,0,0
BRDA:137,6,1,0
BRDA:144,7,0,0
BRDA:144,7,1,0
BRDA:162,8,0,0
BRDA:162,8,1,0
BRDA:185,9,0,0
BRDA:185,9,1,0
BRDA:191,10,0,0
BRDA:191,10,1,0
BRDA:205,11,0,0
BRDA:205,11,1,0
BRDA:222,12,0,0
BRDA:222,12,1,0
BRDA:233,13,0,0
BRDA:233,13,1,0
BRDA:251,14,0,0
BRDA:251,14,1,0
BRF:30
BRH:0
end_of_record
TN:
SF:controllers\VirtualAccountController.js
FN:4,(anonymous_0)
FNF:1
FNH:0
FNDA:0,(anonymous_0)
DA:1,2
DA:5,0
DA:6,0
DA:8,0
DA:10,0
DA:12,0
DA:14,0
DA:21,0
DA:23,0
DA:27,0
DA:32,2
LF:11
LH:2
BRDA:10,0,0,0
BRDA:10,0,1,0
BRDA:21,1,0,0
BRDA:21,1,1,0
BRF:4
BRH:0
end_of_record
TN:
SF:controllers\WishlistController.js
FN:4,(anonymous_0)
FN:43,(anonymous_1)
FN:60,(anonymous_2)
FNF:3
FNH:3
FNDA:1,(anonymous_0)
FNDA:1,(anonymous_1)
FNDA:1,(anonymous_2)
DA:1,2
DA:5,1
DA:6,1
DA:7,1
DA:9,1
DA:14,1
DA:21,1
DA:22,0
DA:28,1
DA:29,1
DA:30,1
DA:31,1
DA:36,1
DA:38,0
DA:39,0
DA:44,1
DA:45,1
DA:47,1
DA:52,1
DA:54,1
DA:56,0
DA:61,1
DA:62,1
DA:64,1
DA:68,1
DA:70,1
DA:74,0
DA:79,2
LF:28
LH:23
BRDA:21,0,0,0
BRDA:21,0,1,1
BRDA:30,1,0,0
BRDA:30,1,1,1
BRDA:52,2,0,0
BRDA:52,2,1,1
BRDA:68,3,0,0
BRDA:68,3,1,1
BRF:8
BRH:4
end_of_record
TN:
SF:helpers\bcrypt.js
FN:3,(anonymous_0)
FN:8,(anonymous_1)
FNF:2
FNH:1
FNDA:3,(anonymous_0)
FNDA:0,(anonymous_1)
DA:1,2
DA:3,2
DA:4,3
DA:5,3
DA:8,2
DA:9,0
DA:12,2
LF:7
LH:6
BRF:0
BRH:0
end_of_record
TN:
SF:helpers\checkPassword.js
FN:1,(anonymous_0)
FNF:1
FNH:1
FNDA:3,(anonymous_0)
DA:1,2
DA:2,3
DA:3,3
DA:4,3
DA:5,3
DA:7,3
DA:8,21
DA:13,3
DA:16,21
DA:17,9
DA:20,21
DA:23,3
DA:24,3
DA:27,3
DA:28,3
DA:30,0
DA:34,2
LF:17
LH:16
BRDA:8,0,0,3
BRDA:8,0,1,18
BRDA:9,1,0,21
BRDA:9,1,1,12
BRDA:9,1,2,3
BRDA:16,2,0,9
BRDA:16,2,1,12
BRDA:23,3,0,3
BRDA:23,3,1,0
BRDA:27,4,0,3
BRDA:27,4,1,0
BRDA:27,5,0,3
BRDA:27,5,1,3
BRDA:27,5,2,3
BRF:14
BRH:12
end_of_record
TN:
SF:helpers\jwt.js
FN:3,(anonymous_0)
FNF:1
FNH:1
FNDA:3,(anonymous_0)
DA:1,2
DA:3,2
DA:4,3
DA:7,2
LF:4
LH:4
BRF:0
BRH:0
end_of_record
TN:
SF:middlewares\authenticate.js
FN:6,(anonymous_0)
FNF:1
FNH:1
FNDA:22,(anonymous_0)
DA:3,2
DA:4,2
DA:6,2
DA:7,22
DA:8,22
DA:9,22
DA:10,18
DA:12,18
DA:13,0
DA:19,18
DA:21,18
DA:23,4
DA:24,4
DA:30,0
DA:35,2
LF:15
LH:13
BRDA:12,0,0,0
BRDA:12,0,1,18
BRDA:23,1,0,4
BRDA:23,1,1,0
BRF:4
BRH:2
end_of_record
TN:
SF:middlewares\authorize.js
FN:5,(anonymous_0)
FN:39,(anonymous_1)
FN:72,(anonymous_2)
FN:106,(anonymous_3)
FN:140,(anonymous_4)
FN:174,(anonymous_5)
FNF:6
FNH:2
FNDA:8,(anonymous_0)
FNDA:0,(anonymous_1)
FNDA:0,(anonymous_2)
FNDA:0,(anonymous_3)
FNDA:1,(anonymous_4)
FNDA:0,(anonymous_5)
DA:3,2
DA:5,2
DA:6,8
DA:7,8
DA:8,8
DA:10,8
DA:15,8
DA:16,0
DA:21,8
DA:22,0
DA:27,8
DA:29,0
DA:30,0
DA:31,0
DA:32,0
DA:34,0
DA:39,2
DA:40,0
DA:41,0
DA:42,0
DA:44,0
DA:48,0
DA:49,0
DA:54,0
DA:55,0
DA:60,0
DA:62,0
DA:63,0
DA:64,0
DA:65,0
DA:67,0
DA:72,2
DA:73,0
DA:74,0
DA:75,0
DA:77,0
DA:82,0
DA:83,0
DA:88,0
DA:89,0
DA:94,0
DA:96,0
DA:97,0
DA:98,0
DA:99,0
DA:101,0
DA:106,2
DA:107,0
DA:108,0
DA:109,0
DA:111,0
DA:116,0
DA:117,0
DA:122,0
DA:123,0
DA:128,0
DA:130,0
DA:131,0
DA:132,0
DA:133,0
DA:135,0
DA:140,2
DA:141,1
DA:142,1
DA:143,1
DA:145,1
DA:150,1
DA:151,0
DA:156,1
DA:157,0
DA:162,1
DA:164,0
DA:165,0
DA:166,0
DA:167,0
DA:169,0
DA:174,2
DA:175,0
DA:176,0
DA:177,0
DA:179,0
DA:184,0
DA:185,0
DA:190,0
DA:191,0
DA:196,0
DA:198,0
DA:199,0
DA:200,0
DA:201,0
DA:203,0
DA:208,2
LF:92
LH:22
BRDA:15,0,0,0
BRDA:15,0,1,8
BRDA:21,1,0,0
BRDA:21,1,1,8
BRDA:29,2,0,0
BRDA:29,2,1,0
BRDA:31,3,0,0
BRDA:31,3,1,0
BRDA:48,4,0,0
BRDA:48,4,1,0
BRDA:54,5,0,0
BRDA:54,5,1,0
BRDA:62,6,0,0
BRDA:62,6,1,0
BRDA:64,7,0,0
BRDA:64,7,1,0
BRDA:82,8,0,0
BRDA:82,8,1,0
BRDA:88,9,0,0
BRDA:88,9,1,0
BRDA:96,10,0,0
BRDA:96,10,1,0
BRDA:98,11,0,0
BRDA:98,11,1,0
BRDA:116,12,0,0
BRDA:116,12,1,0
BRDA:122,13,0,0
BRDA:122,13,1,0
BRDA:130,14,0,0
BRDA:130,14,1,0
BRDA:132,15,0,0
BRDA:132,15,1,0
BRDA:150,16,0,0
BRDA:150,16,1,1
BRDA:156,17,0,0
BRDA:156,17,1,1
BRDA:164,18,0,0
BRDA:164,18,1,0
BRDA:166,19,0,0
BRDA:166,19,1,0
BRDA:184,20,0,0
BRDA:184,20,1,0
BRDA:190,21,0,0
BRDA:190,21,1,0
BRDA:198,22,0,0
BRDA:198,22,1,0
BRDA:200,23,0,0
BRDA:200,23,1,0
BRF:48
BRH:4
end_of_record
TN:
SF:middlewares\errorHandler.js
FN:1,(anonymous_0)
FN:6,(anonymous_1)
FNF:2
FNH:2
FNDA:16,(anonymous_0)
FNDA:28,(anonymous_1)
DA:1,2
DA:2,16
DA:6,28
DA:7,12
DA:8,4
DA:9,4
DA:11,0
LF:7
LH:6
BRDA:2,0,0,12
BRDA:2,0,1,4
BRDA:3,1,0,16
BRDA:3,1,1,16
BRDA:8,2,0,4
BRDA:8,2,1,0
BRF:6
BRH:5
end_of_record
TN:
SF:middlewares\multer.js
FN:18,(anonymous_0)
FN:29,(anonymous_1)
FN:32,(anonymous_2)
FNF:3
FNH:0
FNDA:0,(anonymous_0)
FNDA:0,(anonymous_1)
FNDA:0,(anonymous_2)
DA:1,2
DA:2,2
DA:3,2
DA:4,2
DA:6,2
DA:8,2
DA:13,2
DA:19,0
DA:20,0
DA:28,2
DA:30,0
DA:33,0
DA:37,2
DA:44,2
DA:46,2
LF:15
LH:11
BRF:0
BRH:0
end_of_record
TN:
SF:models\cart.js
FN:3,(anonymous_0)
FN:10,(anonymous_1)
FNF:2
FNH:2
FNDA:2,(anonymous_0)
FNDA:2,(anonymous_1)
DA:2,2
DA:3,2
DA:11,2
DA:12,2
DA:15,2
DA:25,2
LF:6
LH:6
BRF:0
BRH:0
end_of_record
TN:
SF:models\category.js
FN:3,(anonymous_0)
FN:10,(anonymous_1)
FNF:2
FNH:2
FNDA:2,(anonymous_0)
FNDA:2,(anonymous_1)
DA:2,2
DA:3,2
DA:11,2
DA:14,2
DA:24,2
LF:5
LH:5
BRF:0
BRH:0
end_of_record
TN:
SF:models\chat.js
FN:3,(anonymous_0)
FN:10,(anonymous_1)
FNF:2
FNH:2
FNDA:2,(anonymous_0)
FNDA:2,(anonymous_1)
DA:2,2
DA:3,2
DA:11,2
DA:17,2
DA:36,2
LF:5
LH:5
BRF:0
BRH:0
end_of_record
TN:
SF:models\community.js
FN:5,(anonymous_0)
FN:12,(anonymous_1)
FNF:2
FNH:2
FNDA:2,(anonymous_0)
FNDA:2,(anonymous_1)
DA:4,2
DA:5,2
DA:14,2
DA:15,2
DA:18,2
DA:28,2
LF:6
LH:6
BRF:0
BRH:0
end_of_record
TN:
SF:models\deal.js
FN:3,(anonymous_0)
FN:10,(anonymous_1)
FNF:2
FNH:2
FNDA:2,(anonymous_0)
FNDA:2,(anonymous_1)
DA:2,2
DA:3,2
DA:11,2
DA:12,2
DA:15,2
DA:25,2
LF:6
LH:6
BRF:0
BRH:0
end_of_record
TN:
SF:models\index.js
FN:24,(anonymous_0)
FN:29,(anonymous_1)
FN:37,(anonymous_2)
FNF:3
FNH:3
FNDA:22,(anonymous_0)
FNDA:20,(anonymous_1)
FNDA:20,(anonymous_2)
DA:3,2
DA:4,2
DA:5,2
DA:6,2
DA:7,2
DA:8,2
DA:9,2
DA:12,2
DA:13,0
DA:15,2
DA:23,2
DA:25,22
DA:30,20
DA:34,20
DA:37,2
DA:38,20
DA:39,20
DA:43,2
DA:44,2
DA:46,2
LF:20
LH:19
BRDA:7,0,0,2
BRDA:7,0,1,0
BRDA:12,1,0,0
BRDA:12,1,1,2
BRDA:26,2,0,22
BRDA:26,2,1,22
BRDA:26,2,2,20
BRDA:38,3,0,20
BRDA:38,3,1,0
BRF:9
BRH:6
end_of_record
TN:
SF:models\product.js
FN:5,(anonymous_0)
FN:12,(anonymous_1)
FN:99,(anonymous_2)
FN:147,(anonymous_3)
FNF:4
FNH:4
FNDA:2,(anonymous_0)
FNDA:2,(anonymous_1)
FNDA:16,(anonymous_2)
FNDA:3,(anonymous_3)
DA:4,2
DA:5,2
DA:13,2
DA:17,2
DA:21,2
DA:25,2
DA:29,2
DA:33,2
DA:34,2
DA:35,2
DA:38,2
DA:100,16
DA:101,0
DA:148,3
DA:149,3
DA:150,3
DA:151,3
DA:158,2
LF:18
LH:17
BRDA:100,0,0,0
BRDA:100,0,1,16
BRF:2
BRH:1
end_of_record
TN:
SF:models\type.js
FN:3,(anonymous_0)
FN:10,(anonymous_1)
FNF:2
FNH:2
FNDA:2,(anonymous_0)
FNDA:2,(anonymous_1)
DA:2,2
DA:3,2
DA:11,2
DA:14,2
DA:23,2
LF:5
LH:5
BRF:0
BRH:0
end_of_record
TN:
SF:models\user.js
FN:5,(anonymous_0)
FN:14,(anonymous_1)
FN:67,(anonymous_2)
FN:107,(anonymous_3)
FNF:4
FNH:4
FNDA:2,(anonymous_0)
FNDA:2,(anonymous_1)
FNDA:3,(anonymous_2)
FNDA:3,(anonymous_3)
DA:4,2
DA:5,2
DA:6,2
DA:7,2
DA:15,2
DA:19,2
DA:23,2
DA:27,2
DA:31,2
DA:35,2
DA:36,2
DA:37,2
DA:40,2
DA:68,3
DA:69,0
DA:108,3
DA:109,3
DA:111,3
DA:118,2
LF:19
LH:18
BRDA:68,0,0,0
BRDA:68,0,1,3
BRF:2
BRH:1
end_of_record
TN:
SF:models\virtualaccount.js
FN:3,(anonymous_0)
FN:10,(anonymous_1)
FNF:2
FNH:2
FNDA:2,(anonymous_0)
FNDA:2,(anonymous_1)
DA:2,2
DA:3,2
DA:14,2
DA:23,2
LF:4
LH:4
BRF:0
BRH:0
end_of_record
TN:
SF:models\wishlist.js
FN:3,(anonymous_0)
FN:10,(anonymous_1)
FNF:2
FNH:2
FNDA:2,(anonymous_0)
FNDA:2,(anonymous_1)
DA:2,2
DA:3,2
DA:11,2
DA:12,2
DA:15,2
DA:25,2
LF:6
LH:6
BRF:0
BRH:0
end_of_record
TN:
SF:routes\auction.js
FNF:0
FNH:0
DA:1,2
DA:2,2
DA:3,2
DA:5,2
DA:7,2
DA:9,2
LF:6
LH:6
BRF:0
BRH:0
end_of_record
TN:
SF:routes\cart.js
FNF:0
FNH:0
DA:1,2
DA:2,2
DA:3,2
DA:4,2
DA:6,2
DA:8,2
DA:9,2
DA:11,2
DA:13,2
DA:15,2
LF:10
LH:10
BRF:0
BRH:0
end_of_record
TN:
SF:routes\category.js
FNF:0
FNH:0
DA:1,2
DA:2,2
DA:4,2
DA:5,2
DA:7,2
LF:5
LH:5
BRF:0
BRH:0
end_of_record
TN:
SF:routes\chat.js
FNF:0
FNH:0
DA:1,2
DA:2,2
DA:3,2
DA:4,2
DA:6,2
DA:8,2
DA:10,2
DA:12,2
DA:14,2
DA:16,2
LF:10
LH:10
BRF:0
BRH:0
end_of_record
TN:
SF:routes\community.js
FNF:0
FNH:0
DA:3,2
DA:4,2
DA:5,2
DA:6,2
DA:7,2
DA:9,2
DA:11,2
DA:12,2
DA:14,2
DA:16,2
DA:18,2
DA:20,2
LF:12
LH:12
BRF:0
BRH:0
end_of_record
TN:
SF:routes\index.js
FNF:0
FNH:0
DA:3,2
DA:4,2
DA:5,2
DA:6,2
DA:7,2
DA:8,2
DA:9,2
DA:10,2
DA:11,2
DA:12,2
DA:13,2
DA:16,2
DA:17,2
DA:18,2
DA:19,2
DA:20,2
DA:21,2
DA:22,2
DA:23,2
DA:24,2
DA:25,2
DA:29,2
LF:22
LH:22
BRF:0
BRH:0
end_of_record
TN:
SF:routes\product.js
FNF:0
FNH:0
DA:1,2
DA:2,2
DA:3,2
DA:4,2
DA:6,2
DA:7,2
DA:9,2
DA:10,2
DA:11,2
DA:13,2
DA:14,2
DA:16,2
DA:17,2
DA:19,2
LF:14
LH:14
BRF:0
BRH:0
end_of_record
TN:
SF:routes\type.js
FNF:0
FNH:0
DA:1,2
DA:2,2
DA:4,2
DA:5,2
DA:7,2
LF:5
LH:5
BRF:0
BRH:0
end_of_record
TN:
SF:routes\user.js
FNF:0
FNH:0
DA:1,2
DA:2,2
DA:3,2
DA:4,2
DA:6,2
DA:7,2
DA:8,2
DA:10,2
DA:12,2
DA:13,2
DA:14,2
DA:15,2
DA:17,2
LF:13
LH:13
BRF:0
BRH:0
end_of_record
TN:
SF:routes\virtualAccount.js
FNF:0
FNH:0
DA:1,2
DA:2,2
DA:4,2
DA:6,2
LF:4
LH:4
BRF:0
BRH:0
end_of_record
TN:
SF:routes\wishlist.js
FNF:0
FNH:0
DA:1,2
DA:2,2
DA:3,2
DA:4,2
DA:6,2
DA:8,2
DA:9,2
DA:11,2
DA:12,2
DA:14,2
LF:10
LH:10
BRF:0
BRH:0
end_of_record
